Using pre-set license
Built from '2020.3/staging' branch; Version is '2020.3.8f1 (507919d4fff5) revision 5273881'; Using compiler version '192528614'; Build Type 'Release'
OS: 'Windows 10 Pro; OS build 19041.985; Version 2004; 64bit' Language: 'ko' Physical Memory: 8128 MB
BatchMode: 1, IsHumanControllingUs: 0, StartBugReporterOnCrash: 0, Is64bit: 1, IsPro: 0

 COMMAND LINE ARGUMENTS:
C:\Program Files\Unity\Editor\Unity.exe
-adb2
-batchMode
-noUpm
-name
AssetImportWorker1
-projectPath
D:/UnityProjects/DodgePlayer
-logFile
Logs/AssetImportWorker1.log
-srvPort
64476
Successfully changed project path to: D:/UnityProjects/DodgePlayer
D:/UnityProjects/DodgePlayer
Using Asset Import Pipeline V2.
Refreshing native plugins compatible for Editor in 28.80 ms, found 0 plugins.
Preloading 0 native plugins for Editor in 0.00 ms.
Initialize engine version: 2020.3.8f1 (507919d4fff5)
[Subsystems] Discovering subsystems at path C:/Program Files/Unity/Editor/Data/Resources/UnitySubsystems
[Subsystems] Discovering subsystems at path D:/UnityProjects/DodgePlayer/Assets
GfxDevice: creating device client; threaded=0
Direct3D:
    Version:  Direct3D 11.0 [level 11.1]
    Renderer: NVIDIA GeForce GTX 1050 (ID=0x1c81)
    Vendor:   
    VRAM:     1987 MB
    Driver:   23.21.13.8816
Initialize mono
Mono path[0] = 'C:/Program Files/Unity/Editor/Data/Managed'
Mono path[1] = 'C:/Program Files/Unity/Editor/Data/MonoBleedingEdge/lib/mono/unityjit'
Mono config path = 'C:/Program Files/Unity/Editor/Data/MonoBleedingEdge/etc'
Using monoOptions --debugger-agent=transport=dt_socket,embedding=1,server=y,suspend=n,address=127.0.0.1:56768
Begin MonoManager ReloadAssembly
Registering precompiled unity dll's ...
Register platform support module: C:/Program Files/Unity/Editor/Data/PlaybackEngines/WindowsStandaloneSupport/UnityEditor.WindowsStandalone.Extensions.dll
Registered in 0.010636 seconds.
Native extension for WindowsStandalone target not found
Refreshing native plugins compatible for Editor in 21.79 ms, found 0 plugins.
Preloading 0 native plugins for Editor in 0.00 ms.
Mono: successfully reloaded assembly
- Completed reload, in  2.018 seconds
Platform modules already initialized, skipping
Registering precompiled user dll's ...
Registered in 0.000774 seconds.
Begin MonoManager ReloadAssembly
Native extension for WindowsStandalone target not found
Refreshing native plugins compatible for Editor in 0.19 ms, found 0 plugins.
Preloading 0 native plugins for Editor in 0.00 ms.
Mono: successfully reloaded assembly
- Completed reload, in  1.112 seconds
Platform modules already initialized, skipping
========================================================================
Worker process is ready to serve import requests
Launched and connected shader compiler UnityShaderCompiler.exe after 0.11 seconds
Refreshing native plugins compatible for Editor in 0.22 ms, found 0 plugins.
Preloading 0 native plugins for Editor in 0.00 ms.
Unloading 1119 Unused Serialized files (Serialized files now loaded: 0)
System memory in use before: 57.3 MB.
System memory in use after: 57.3 MB.

Unloading 10 unused Assets to reduce memory usage. Loaded Objects now: 1561.
Total: 1.515900 ms (FindLiveObjects: 0.111000 ms CreateObjectMapping: 0.029100 ms MarkObjects: 1.275600 ms  DeleteObjects: 0.099300 ms)

========================================================================
Received Import Request.
  path: Assets/Scenes
  artifactKey: Guid(7819891ccf0cade4bb7d95cd5d96be2c) Importer(815301076,1909f56bfc062723c751e8b465ee728b)
Start importing Assets/Scenes using Guid(7819891ccf0cade4bb7d95cd5d96be2c) Importer(815301076,1909f56bfc062723c751e8b465ee728b)  -> (artifact id: '9ea86046df87cbc9b576ef19ac61baa5') in 0.007791 seconds
  Import took 0.019327 seconds .

========================================================================
Received Import Request.
  Time since last request: 2.826008 seconds.
  path: Assets/Materials/Bullet Color.mat
  artifactKey: Guid(257800caf67592241a3e7cf6f2e8b0f0) Importer(815301076,1909f56bfc062723c751e8b465ee728b)
Start importing Assets/Materials/Bullet Color.mat using Guid(257800caf67592241a3e7cf6f2e8b0f0) Importer(815301076,1909f56bfc062723c751e8b465ee728b)  -> (artifact id: 'f723badfb26b07e3fcef9a1876de589f') in 0.314713 seconds
  Import took 1.765329 seconds .

========================================================================
Received Import Request.
  Time since last request: 0.001034 seconds.
  path: Assets/Materials/PlayerColor.mat
  artifactKey: Guid(8d4bf98fee24eef459e8d235779daaba) Importer(815301076,1909f56bfc062723c751e8b465ee728b)
Start importing Assets/Materials/PlayerColor.mat using Guid(8d4bf98fee24eef459e8d235779daaba) Importer(815301076,1909f56bfc062723c751e8b465ee728b)  -> (artifact id: 'a9659712402c018538cb919070d9c957') in 0.041790 seconds
  Import took 0.803777 seconds .

========================================================================
Received Import Request.
  Time since last request: 0.000377 seconds.
  path: Assets/Materials/Plane Color.mat
  artifactKey: Guid(12ebe448a40859044853b2a917a92964) Importer(815301076,1909f56bfc062723c751e8b465ee728b)
Start importing Assets/Materials/Plane Color.mat using Guid(12ebe448a40859044853b2a917a92964) Importer(815301076,1909f56bfc062723c751e8b465ee728b)  -> (artifact id: '7d135f5c5f8a402d9eca0e30c221efad') in 0.018449 seconds
  Import took 0.021592 seconds .

========================================================================
Received Import Request.
  Time since last request: 6.633378 seconds.
  path: Assets/Prefabs
  artifactKey: Guid(baf14120fa0bf2549b769c99285696d4) Importer(815301076,1909f56bfc062723c751e8b465ee728b)
Start importing Assets/Prefabs using Guid(baf14120fa0bf2549b769c99285696d4) Importer(815301076,1909f56bfc062723c751e8b465ee728b)  -> (artifact id: '726f4100f660955c9238844df3d99769') in 0.010264 seconds
  Import took 0.013288 seconds .

========================================================================
Received Import Request.
  Time since last request: 160.529159 seconds.
  path: Assets/Scripts
  artifactKey: Guid(43df92d2320104a45862f5022bf5e0f5) Importer(815301076,1909f56bfc062723c751e8b465ee728b)
Start importing Assets/Scripts using Guid(43df92d2320104a45862f5022bf5e0f5) Importer(815301076,1909f56bfc062723c751e8b465ee728b)  -> (artifact id: 'f481098e4150e9dc3f3f84b4aaea3234') in 0.009917 seconds
  Import took 0.036635 seconds .

========================================================================
Received Import Request.
  Time since last request: 11.311694 seconds.
  path: Assets/Scripts/Bullet.cs
  artifactKey: Guid(77787dc4f1b4f434cb714dfef5863c14) Importer(815301076,1909f56bfc062723c751e8b465ee728b)
Start importing Assets/Scripts/Bullet.cs using Guid(77787dc4f1b4f434cb714dfef5863c14) Importer(815301076,1909f56bfc062723c751e8b465ee728b)  -> (artifact id: '2143da0acb38d9554b946dc49f936c54') in 0.024443 seconds
  Import took 0.948901 seconds .

========================================================================
Received Prepare
Registering precompiled user dll's ...
Registered in 0.000844 seconds.
Begin MonoManager ReloadAssembly
Native extension for WindowsStandalone target not found
Refreshing native plugins compatible for Editor in 0.20 ms, found 0 plugins.
Preloading 0 native plugins for Editor in 0.00 ms.
Mono: successfully reloaded assembly
- Completed reload, in  1.182 seconds
Platform modules already initialized, skipping
Refreshing native plugins compatible for Editor in 0.19 ms, found 0 plugins.
Preloading 0 native plugins for Editor in 0.00 ms.
Unloading 1114 Unused Serialized files (Serialized files now loaded: 0)
System memory in use before: 60.5 MB.
System memory in use after: 60.6 MB.

Unloading 5 unused Assets to reduce memory usage. Loaded Objects now: 1604.
Total: 1.776600 ms (FindLiveObjects: 0.129000 ms CreateObjectMapping: 0.031000 ms MarkObjects: 1.538700 ms  DeleteObjects: 0.077100 ms)

========================================================================
Received Import Request.
  Time since last request: 195.967180 seconds.
  path: Assets/Scripts/Rotator.cs
  artifactKey: Guid(7474a7aa6d6f70640967c631943b1b52) Importer(815301076,1909f56bfc062723c751e8b465ee728b)
Start importing Assets/Scripts/Rotator.cs using Guid(7474a7aa6d6f70640967c631943b1b52) Importer(815301076,1909f56bfc062723c751e8b465ee728b)  -> (artifact id: 'f1c4f65c1618ba1b84cf2099f6ff3443') in 0.012295 seconds
  Import took 0.588024 seconds .

========================================================================
Received Prepare
Registering precompiled user dll's ...
Registered in 0.001500 seconds.
Begin MonoManager ReloadAssembly
Native extension for WindowsStandalone target not found
Refreshing native plugins compatible for Editor in 0.36 ms, found 0 plugins.
Preloading 0 native plugins for Editor in 0.00 ms.
Mono: successfully reloaded assembly
- Completed reload, in  1.434 seconds
Platform modules already initialized, skipping
Refreshing native plugins compatible for Editor in 0.38 ms, found 0 plugins.
Preloading 0 native plugins for Editor in 0.00 ms.
Unloading 1115 Unused Serialized files (Serialized files now loaded: 0)
System memory in use before: 60.6 MB.
System memory in use after: 60.7 MB.

Unloading 5 unused Assets to reduce memory usage. Loaded Objects now: 1608.
Total: 2.348200 ms (FindLiveObjects: 0.224100 ms CreateObjectMapping: 0.064100 ms MarkObjects: 2.007100 ms  DeleteObjects: 0.051500 ms)

========================================================================
Received Prepare
Registering precompiled user dll's ...
Registered in 0.010083 seconds.
Begin MonoManager ReloadAssembly
Native extension for WindowsStandalone target not found
Refreshing native plugins compatible for Editor in 0.30 ms, found 0 plugins.
Preloading 0 native plugins for Editor in 0.00 ms.
Mono: successfully reloaded assembly
- Completed reload, in  1.011 seconds
Platform modules already initialized, skipping
Refreshing native plugins compatible for Editor in 0.36 ms, found 0 plugins.
Preloading 0 native plugins for Editor in 0.00 ms.
Unloading 1115 Unused Serialized files (Serialized files now loaded: 0)
System memory in use before: 60.6 MB.
System memory in use after: 60.7 MB.

Unloading 5 unused Assets to reduce memory usage. Loaded Objects now: 1611.
Total: 4.948300 ms (FindLiveObjects: 0.255400 ms CreateObjectMapping: 0.067300 ms MarkObjects: 4.463300 ms  DeleteObjects: 0.089400 ms)

========================================================================
Received Prepare
Registering precompiled user dll's ...
Registered in 0.001662 seconds.
Begin MonoManager ReloadAssembly
Native extension for WindowsStandalone target not found
Refreshing native plugins compatible for Editor in 0.23 ms, found 0 plugins.
Preloading 0 native plugins for Editor in 0.00 ms.
Mono: successfully reloaded assembly
- Completed reload, in  1.186 seconds
Platform modules already initialized, skipping
Refreshing native plugins compatible for Editor in 0.19 ms, found 0 plugins.
Preloading 0 native plugins for Editor in 0.00 ms.
Unloading 1115 Unused Serialized files (Serialized files now loaded: 0)
System memory in use before: 60.6 MB.
System memory in use after: 60.7 MB.

Unloading 5 unused Assets to reduce memory usage. Loaded Objects now: 1614.
Total: 1.825000 ms (FindLiveObjects: 0.127300 ms CreateObjectMapping: 0.030700 ms MarkObjects: 1.603600 ms  DeleteObjects: 0.062600 ms)

========================================================================
Received Import Request.
  Time since last request: 363.385797 seconds.
  path: Assets/Scripts/Rotator.cs
  artifactKey: Guid(7474a7aa6d6f70640967c631943b1b52) Importer(815301076,1909f56bfc062723c751e8b465ee728b)
Start importing Assets/Scripts/Rotator.cs using Guid(7474a7aa6d6f70640967c631943b1b52) Importer(815301076,1909f56bfc062723c751e8b465ee728b)  -> (artifact id: '16d398158cb7446de783db96cbb5476a') in 0.010966 seconds
  Import took 0.449785 seconds .

========================================================================
Received Prepare
Registering precompiled user dll's ...
Registered in 0.000756 seconds.
Begin MonoManager ReloadAssembly
Native extension for WindowsStandalone target not found
Refreshing native plugins compatible for Editor in 0.26 ms, found 0 plugins.
Preloading 0 native plugins for Editor in 0.00 ms.
Mono: successfully reloaded assembly
- Completed reload, in  1.050 seconds
Platform modules already initialized, skipping
Refreshing native plugins compatible for Editor in 0.20 ms, found 0 plugins.
Preloading 0 native plugins for Editor in 0.00 ms.
Unloading 1115 Unused Serialized files (Serialized files now loaded: 0)
System memory in use before: 60.6 MB.
System memory in use after: 60.7 MB.

Unloading 5 unused Assets to reduce memory usage. Loaded Objects now: 1617.
Total: 1.690900 ms (FindLiveObjects: 0.124800 ms CreateObjectMapping: 0.030700 ms MarkObjects: 1.459000 ms  DeleteObjects: 0.075700 ms)

========================================================================
Received Prepare
Registering precompiled user dll's ...
Registered in 0.001566 seconds.
Begin MonoManager ReloadAssembly
Native extension for WindowsStandalone target not found
Refreshing native plugins compatible for Editor in 0.51 ms, found 0 plugins.
Preloading 0 native plugins for Editor in 0.00 ms.
Mono: successfully reloaded assembly
- Completed reload, in  1.480 seconds
Platform modules already initialized, skipping
Refreshing native plugins compatible for Editor in 0.34 ms, found 0 plugins.
Preloading 0 native plugins for Editor in 0.00 ms.
Unloading 1115 Unused Serialized files (Serialized files now loaded: 0)
System memory in use before: 60.6 MB.
System memory in use after: 60.7 MB.

Unloading 5 unused Assets to reduce memory usage. Loaded Objects now: 1620.
Total: 1.588500 ms (FindLiveObjects: 0.125700 ms CreateObjectMapping: 0.033100 ms MarkObjects: 1.352400 ms  DeleteObjects: 0.076400 ms)

========================================================================
Received Prepare
Registering precompiled user dll's ...
Registered in 0.001306 seconds.
Begin MonoManager ReloadAssembly
Native extension for WindowsStandalone target not found
Refreshing native plugins compatible for Editor in 0.19 ms, found 0 plugins.
Preloading 0 native plugins for Editor in 0.00 ms.
Mono: successfully reloaded assembly
- Completed reload, in  1.121 seconds
Platform modules already initialized, skipping
Refreshing native plugins compatible for Editor in 0.20 ms, found 0 plugins.
Preloading 0 native plugins for Editor in 0.00 ms.
Unloading 1115 Unused Serialized files (Serialized files now loaded: 0)
System memory in use before: 60.6 MB.
System memory in use after: 60.7 MB.

Unloading 5 unused Assets to reduce memory usage. Loaded Objects now: 1623.
Total: 1.717700 ms (FindLiveObjects: 0.119500 ms CreateObjectMapping: 0.033900 ms MarkObjects: 1.483200 ms  DeleteObjects: 0.080300 ms)

========================================================================
Received Prepare
Registering precompiled user dll's ...
Registered in 0.000723 seconds.
Begin MonoManager ReloadAssembly
Native extension for WindowsStandalone target not found
Refreshing native plugins compatible for Editor in 0.31 ms, found 0 plugins.
Preloading 0 native plugins for Editor in 0.00 ms.
Mono: successfully reloaded assembly
- Completed reload, in  1.079 seconds
Platform modules already initialized, skipping
Refreshing native plugins compatible for Editor in 0.20 ms, found 0 plugins.
Preloading 0 native plugins for Editor in 0.00 ms.
Unloading 1115 Unused Serialized files (Serialized files now loaded: 0)
System memory in use before: 60.6 MB.
System memory in use after: 60.7 MB.

Unloading 5 unused Assets to reduce memory usage. Loaded Objects now: 1626.
Total: 1.762400 ms (FindLiveObjects: 0.130800 ms CreateObjectMapping: 0.030500 ms MarkObjects: 1.524000 ms  DeleteObjects: 0.076400 ms)

========================================================================
Received Import Request.
  Time since last request: 447.963421 seconds.
  path: Assets/Scripts/BulletSpawner.cs
  artifactKey: Guid(83ea661c006258448846098df6e53216) Importer(815301076,1909f56bfc062723c751e8b465ee728b)
Start importing Assets/Scripts/BulletSpawner.cs using Guid(83ea661c006258448846098df6e53216) Importer(815301076,1909f56bfc062723c751e8b465ee728b)  -> (artifact id: '4662a3dddc1e96866fb4059c16e03ed9') in 0.008386 seconds
  Import took 0.017057 seconds .

========================================================================
Received Import Request.
  Time since last request: 121.700284 seconds.
  path: Assets/Scripts/Rotator.cs
  artifactKey: Guid(7474a7aa6d6f70640967c631943b1b52) Importer(815301076,1909f56bfc062723c751e8b465ee728b)
Start importing Assets/Scripts/Rotator.cs using Guid(7474a7aa6d6f70640967c631943b1b52) Importer(815301076,1909f56bfc062723c751e8b465ee728b)  -> (artifact id: 'a2d3894fe9c0d6e31568d36e89ae3803') in 0.003591 seconds
  Import took 0.006636 seconds .

========================================================================
Received Prepare
Registering precompiled user dll's ...
Registered in 0.000841 seconds.
Begin MonoManager ReloadAssembly
Native extension for WindowsStandalone target not found
Refreshing native plugins compatible for Editor in 0.26 ms, found 0 plugins.
Preloading 0 native plugins for Editor in 0.00 ms.
Mono: successfully reloaded assembly
- Completed reload, in  1.075 seconds
Platform modules already initialized, skipping
Refreshing native plugins compatible for Editor in 0.19 ms, found 0 plugins.
Preloading 0 native plugins for Editor in 0.00 ms.
Unloading 1115 Unused Serialized files (Serialized files now loaded: 0)
System memory in use before: 60.6 MB.
System memory in use after: 60.7 MB.

Unloading 5 unused Assets to reduce memory usage. Loaded Objects now: 1629.
Total: 1.744100 ms (FindLiveObjects: 0.126600 ms CreateObjectMapping: 0.031000 ms MarkObjects: 1.505700 ms  DeleteObjects: 0.079900 ms)

========================================================================
Received Prepare
Registering precompiled user dll's ...
Registered in 0.000879 seconds.
Begin MonoManager ReloadAssembly
Native extension for WindowsStandalone target not found
Refreshing native plugins compatible for Editor in 0.19 ms, found 0 plugins.
Preloading 0 native plugins for Editor in 0.00 ms.
Mono: successfully reloaded assembly
- Completed reload, in  1.017 seconds
Platform modules already initialized, skipping
Refreshing native plugins compatible for Editor in 0.21 ms, found 0 plugins.
Preloading 0 native plugins for Editor in 0.00 ms.
Unloading 1115 Unused Serialized files (Serialized files now loaded: 0)
System memory in use before: 60.6 MB.
System memory in use after: 60.7 MB.

Unloading 5 unused Assets to reduce memory usage. Loaded Objects now: 1632.
Total: 1.901700 ms (FindLiveObjects: 0.175100 ms CreateObjectMapping: 0.072500 ms MarkObjects: 1.563000 ms  DeleteObjects: 0.090100 ms)

========================================================================
Received Prepare
Registering precompiled user dll's ...
Registered in 0.000831 seconds.
Begin MonoManager ReloadAssembly
Native extension for WindowsStandalone target not found
Refreshing native plugins compatible for Editor in 0.25 ms, found 0 plugins.
Preloading 0 native plugins for Editor in 0.00 ms.
Mono: successfully reloaded assembly
- Completed reload, in  1.027 seconds
Platform modules already initialized, skipping
Refreshing native plugins compatible for Editor in 0.20 ms, found 0 plugins.
Preloading 0 native plugins for Editor in 0.00 ms.
Unloading 1115 Unused Serialized files (Serialized files now loaded: 0)
System memory in use before: 60.6 MB.
System memory in use after: 60.7 MB.

Unloading 5 unused Assets to reduce memory usage. Loaded Objects now: 1635.
Total: 1.716000 ms (FindLiveObjects: 0.131000 ms CreateObjectMapping: 0.062300 ms MarkObjects: 1.449900 ms  DeleteObjects: 0.072300 ms)

========================================================================
Received Import Request.
  Time since last request: 869.146033 seconds.
  path: Assets/Scripts/GameManager.cs
  artifactKey: Guid(6d6d264ccc5afb84fb07b4b3b747221e) Importer(815301076,1909f56bfc062723c751e8b465ee728b)
Start importing Assets/Scripts/GameManager.cs using Guid(6d6d264ccc5afb84fb07b4b3b747221e) Importer(815301076,1909f56bfc062723c751e8b465ee728b)  -> (artifact id: '2b880767161608848198a4127ec44e06') in 0.012956 seconds
  Import took 0.019075 seconds .

========================================================================
Received Import Request.
  Time since last request: 0.001452 seconds.
  path: Assets/Scripts/GameManager.cs
  artifactKey: Guid(6d6d264ccc5afb84fb07b4b3b747221e) Importer(815301076,1909f56bfc062723c751e8b465ee728b)
Start importing Assets/Scripts/GameManager.cs using Guid(6d6d264ccc5afb84fb07b4b3b747221e) Importer(815301076,1909f56bfc062723c751e8b465ee728b)  -> (artifact id: '2b880767161608848198a4127ec44e06') in 0.003697 seconds
  Import took 0.006598 seconds .

========================================================================
Received Prepare
Registering precompiled user dll's ...
Registered in 0.001292 seconds.
Begin MonoManager ReloadAssembly
Native extension for WindowsStandalone target not found
Refreshing native plugins compatible for Editor in 0.19 ms, found 0 plugins.
Preloading 0 native plugins for Editor in 0.00 ms.
Mono: successfully reloaded assembly
- Completed reload, in  1.045 seconds
Platform modules already initialized, skipping
Refreshing native plugins compatible for Editor in 0.19 ms, found 0 plugins.
Preloading 0 native plugins for Editor in 0.00 ms.
Unloading 1116 Unused Serialized files (Serialized files now loaded: 0)
System memory in use before: 60.7 MB.
System memory in use after: 60.7 MB.

Unloading 5 unused Assets to reduce memory usage. Loaded Objects now: 1639.
Total: 1.787200 ms (FindLiveObjects: 0.268800 ms CreateObjectMapping: 0.053100 ms MarkObjects: 1.389300 ms  DeleteObjects: 0.075300 ms)

========================================================================
Received Import Request.
  Time since last request: 54.085438 seconds.
  path: Assets/Scripts/GameManager.cs
  artifactKey: Guid(6d6d264ccc5afb84fb07b4b3b747221e) Importer(815301076,1909f56bfc062723c751e8b465ee728b)
Start importing Assets/Scripts/GameManager.cs using Guid(6d6d264ccc5afb84fb07b4b3b747221e) Importer(815301076,1909f56bfc062723c751e8b465ee728b)  -> (artifact id: '0a0eb6301e308da6eddadef11f4e9800') in 0.005799 seconds
  Import took 0.008686 seconds .

========================================================================
Received Import Request.
  Time since last request: 0.086081 seconds.
  path: Assets/Scripts/GameManager.cs
  artifactKey: Guid(6d6d264ccc5afb84fb07b4b3b747221e) Importer(815301076,1909f56bfc062723c751e8b465ee728b)
Start importing Assets/Scripts/GameManager.cs using Guid(6d6d264ccc5afb84fb07b4b3b747221e) Importer(815301076,1909f56bfc062723c751e8b465ee728b)  -> (artifact id: '0a0eb6301e308da6eddadef11f4e9800') in 0.003855 seconds
  Import took 0.006543 seconds .

========================================================================
Received Prepare
Registering precompiled user dll's ...
Registered in 0.000748 seconds.
Begin MonoManager ReloadAssembly
Native extension for WindowsStandalone target not found
Refreshing native plugins compatible for Editor in 0.19 ms, found 0 plugins.
Preloading 0 native plugins for Editor in 0.00 ms.
Mono: successfully reloaded assembly
- Completed reload, in  0.992 seconds
Platform modules already initialized, skipping
Refreshing native plugins compatible for Editor in 0.20 ms, found 0 plugins.
Preloading 0 native plugins for Editor in 0.00 ms.
Unloading 1116 Unused Serialized files (Serialized files now loaded: 0)
System memory in use before: 60.7 MB.
System memory in use after: 60.7 MB.

Unloading 5 unused Assets to reduce memory usage. Loaded Objects now: 1642.
Total: 1.774300 ms (FindLiveObjects: 0.139200 ms CreateObjectMapping: 0.031500 ms MarkObjects: 1.513000 ms  DeleteObjects: 0.089500 ms)

========================================================================
Received Import Request.
  Time since last request: 73.996351 seconds.
  path: Assets/Scripts/GameManager.cs
  artifactKey: Guid(6d6d264ccc5afb84fb07b4b3b747221e) Importer(815301076,1909f56bfc062723c751e8b465ee728b)
Start importing Assets/Scripts/GameManager.cs using Guid(6d6d264ccc5afb84fb07b4b3b747221e) Importer(815301076,1909f56bfc062723c751e8b465ee728b)  -> (artifact id: '2548fb1ad6cdefd1c1c9820d402f9a52') in 0.006001 seconds
  Import took 0.012143 seconds .

========================================================================
Received Import Request.
  Time since last request: 0.096661 seconds.
  path: Assets/Scripts/GameManager.cs
  artifactKey: Guid(6d6d264ccc5afb84fb07b4b3b747221e) Importer(815301076,1909f56bfc062723c751e8b465ee728b)
Start importing Assets/Scripts/GameManager.cs using Guid(6d6d264ccc5afb84fb07b4b3b747221e) Importer(815301076,1909f56bfc062723c751e8b465ee728b)  -> (artifact id: '2548fb1ad6cdefd1c1c9820d402f9a52') in 0.009149 seconds
  Import took 0.012800 seconds .

========================================================================
Received Prepare
Registering precompiled user dll's ...
Registered in 0.000719 seconds.
Begin MonoManager ReloadAssembly
Native extension for WindowsStandalone target not found
Refreshing native plugins compatible for Editor in 0.19 ms, found 0 plugins.
Preloading 0 native plugins for Editor in 0.00 ms.
Mono: successfully reloaded assembly
- Completed reload, in  0.949 seconds
Platform modules already initialized, skipping
Refreshing native plugins compatible for Editor in 0.20 ms, found 0 plugins.
Preloading 0 native plugins for Editor in 0.00 ms.
Unloading 1116 Unused Serialized files (Serialized files now loaded: 0)
System memory in use before: 60.7 MB.
System memory in use after: 60.8 MB.

Unloading 5 unused Assets to reduce memory usage. Loaded Objects now: 1645.
Total: 1.772800 ms (FindLiveObjects: 0.144100 ms CreateObjectMapping: 0.031100 ms MarkObjects: 1.520900 ms  DeleteObjects: 0.075700 ms)

========================================================================
Received Import Request.
  Time since last request: 26.335741 seconds.
  path: Assets/Scripts/GameManager.cs
  artifactKey: Guid(6d6d264ccc5afb84fb07b4b3b747221e) Importer(815301076,1909f56bfc062723c751e8b465ee728b)
Start importing Assets/Scripts/GameManager.cs using Guid(6d6d264ccc5afb84fb07b4b3b747221e) Importer(815301076,1909f56bfc062723c751e8b465ee728b)  -> (artifact id: 'bcf113682cde879a2a9cbde30ce97395') in 0.009719 seconds
  Import took 0.012534 seconds .

========================================================================
Received Import Request.
  Time since last request: 0.079297 seconds.
  path: Assets/Scripts/GameManager.cs
  artifactKey: Guid(6d6d264ccc5afb84fb07b4b3b747221e) Importer(815301076,1909f56bfc062723c751e8b465ee728b)
Start importing Assets/Scripts/GameManager.cs using Guid(6d6d264ccc5afb84fb07b4b3b747221e) Importer(815301076,1909f56bfc062723c751e8b465ee728b)  -> (artifact id: 'bcf113682cde879a2a9cbde30ce97395') in 0.003516 seconds
  Import took 0.008990 seconds .

========================================================================
Received Prepare
Registering precompiled user dll's ...
Registered in 0.000948 seconds.
Begin MonoManager ReloadAssembly
Native extension for WindowsStandalone target not found
Refreshing native plugins compatible for Editor in 0.22 ms, found 0 plugins.
Preloading 0 native plugins for Editor in 0.00 ms.
Mono: successfully reloaded assembly
- Completed reload, in  0.998 seconds
Platform modules already initialized, skipping
Refreshing native plugins compatible for Editor in 0.20 ms, found 0 plugins.
Preloading 0 native plugins for Editor in 0.00 ms.
Unloading 1116 Unused Serialized files (Serialized files now loaded: 0)
System memory in use before: 60.7 MB.
System memory in use after: 60.8 MB.

Unloading 5 unused Assets to reduce memory usage. Loaded Objects now: 1648.
Total: 1.784500 ms (FindLiveObjects: 0.130100 ms CreateObjectMapping: 0.031300 ms MarkObjects: 1.544700 ms  DeleteObjects: 0.077500 ms)

========================================================================
Received Import Request.
  Time since last request: 60.948108 seconds.
  path: Assets/Scripts/GameManager.cs
  artifactKey: Guid(6d6d264ccc5afb84fb07b4b3b747221e) Importer(815301076,1909f56bfc062723c751e8b465ee728b)
Start importing Assets/Scripts/GameManager.cs using Guid(6d6d264ccc5afb84fb07b4b3b747221e) Importer(815301076,1909f56bfc062723c751e8b465ee728b)  -> (artifact id: 'b5e813bdfc3d59b79ec58ff6f54dab51') in 0.007697 seconds
  Import took 0.010946 seconds .

========================================================================
Received Import Request.
  Time since last request: 0.095778 seconds.
  path: Assets/Scripts/GameManager.cs
  artifactKey: Guid(6d6d264ccc5afb84fb07b4b3b747221e) Importer(815301076,1909f56bfc062723c751e8b465ee728b)
Start importing Assets/Scripts/GameManager.cs using Guid(6d6d264ccc5afb84fb07b4b3b747221e) Importer(815301076,1909f56bfc062723c751e8b465ee728b)  -> (artifact id: 'b5e813bdfc3d59b79ec58ff6f54dab51') in 0.003719 seconds
  Import took 0.007982 seconds .

========================================================================
Received Prepare
Registering precompiled user dll's ...
Registered in 0.000775 seconds.
Begin MonoManager ReloadAssembly
Native extension for WindowsStandalone target not found
Refreshing native plugins compatible for Editor in 0.32 ms, found 0 plugins.
Preloading 0 native plugins for Editor in 0.00 ms.
Mono: successfully reloaded assembly
- Completed reload, in  1.018 seconds
Platform modules already initialized, skipping
Refreshing native plugins compatible for Editor in 0.19 ms, found 0 plugins.
Preloading 0 native plugins for Editor in 0.00 ms.
Unloading 1116 Unused Serialized files (Serialized files now loaded: 0)
System memory in use before: 60.7 MB.
System memory in use after: 60.8 MB.

Unloading 5 unused Assets to reduce memory usage. Loaded Objects now: 1651.
Total: 2.599800 ms (FindLiveObjects: 0.129400 ms CreateObjectMapping: 0.031700 ms MarkObjects: 2.361500 ms  DeleteObjects: 0.076100 ms)

========================================================================
Received Import Request.
  Time since last request: 53.031038 seconds.
  path: Assets/Scripts/GameManager.cs
  artifactKey: Guid(6d6d264ccc5afb84fb07b4b3b747221e) Importer(815301076,1909f56bfc062723c751e8b465ee728b)
Start importing Assets/Scripts/GameManager.cs using Guid(6d6d264ccc5afb84fb07b4b3b747221e) Importer(815301076,1909f56bfc062723c751e8b465ee728b)  -> (artifact id: '1daadaebb9b15e087acfbf5c8dc3d6db') in 0.009551 seconds
  Import took 0.012223 seconds .

========================================================================
Received Import Request.
  Time since last request: 0.085816 seconds.
  path: Assets/Scripts/GameManager.cs
  artifactKey: Guid(6d6d264ccc5afb84fb07b4b3b747221e) Importer(815301076,1909f56bfc062723c751e8b465ee728b)
Start importing Assets/Scripts/GameManager.cs using Guid(6d6d264ccc5afb84fb07b4b3b747221e) Importer(815301076,1909f56bfc062723c751e8b465ee728b)  -> (artifact id: '1daadaebb9b15e087acfbf5c8dc3d6db') in 0.003888 seconds
  Import took 0.014108 seconds .

========================================================================
Received Prepare
Registering precompiled user dll's ...
Registered in 0.000992 seconds.
Begin MonoManager ReloadAssembly
Native extension for WindowsStandalone target not found
Refreshing native plugins compatible for Editor in 0.20 ms, found 0 plugins.
Preloading 0 native plugins for Editor in 0.00 ms.
Mono: successfully reloaded assembly
- Completed reload, in  0.960 seconds
Platform modules already initialized, skipping
Refreshing native plugins compatible for Editor in 0.20 ms, found 0 plugins.
Preloading 0 native plugins for Editor in 0.00 ms.
Unloading 1116 Unused Serialized files (Serialized files now loaded: 0)
System memory in use before: 60.7 MB.
System memory in use after: 60.8 MB.

Unloading 5 unused Assets to reduce memory usage. Loaded Objects now: 1654.
Total: 1.754700 ms (FindLiveObjects: 0.120200 ms CreateObjectMapping: 0.031900 ms MarkObjects: 1.522800 ms  DeleteObjects: 0.079100 ms)

========================================================================
Received Import Request.
  Time since last request: 1158.823937 seconds.
  path: Assets/Scripts/GameManager.cs
  artifactKey: Guid(6d6d264ccc5afb84fb07b4b3b747221e) Importer(815301076,1909f56bfc062723c751e8b465ee728b)
Start importing Assets/Scripts/GameManager.cs using Guid(6d6d264ccc5afb84fb07b4b3b747221e) Importer(815301076,1909f56bfc062723c751e8b465ee728b)  -> (artifact id: '3268bd24fbcbcddae14d1c032fc867da') in 0.035436 seconds
  Import took 0.042580 seconds .

========================================================================
Received Import Request.
  Time since last request: 0.210194 seconds.
  path: Assets/Scripts/GameManager.cs
  artifactKey: Guid(6d6d264ccc5afb84fb07b4b3b747221e) Importer(815301076,1909f56bfc062723c751e8b465ee728b)
Start importing Assets/Scripts/GameManager.cs using Guid(6d6d264ccc5afb84fb07b4b3b747221e) Importer(815301076,1909f56bfc062723c751e8b465ee728b)  -> (artifact id: '3268bd24fbcbcddae14d1c032fc867da') in 0.003835 seconds
  Import took 0.007105 seconds .

========================================================================
Received Prepare
Registering precompiled user dll's ...
Registered in 0.001716 seconds.
Begin MonoManager ReloadAssembly
Native extension for WindowsStandalone target not found
Refreshing native plugins compatible for Editor in 0.19 ms, found 0 plugins.
Preloading 0 native plugins for Editor in 0.00 ms.
Mono: successfully reloaded assembly
- Completed reload, in  0.986 seconds
Platform modules already initialized, skipping
Refreshing native plugins compatible for Editor in 0.26 ms, found 0 plugins.
Preloading 0 native plugins for Editor in 0.00 ms.
Unloading 1116 Unused Serialized files (Serialized files now loaded: 0)
System memory in use before: 60.7 MB.
System memory in use after: 60.8 MB.

Unloading 5 unused Assets to reduce memory usage. Loaded Objects now: 1657.
Total: 11.227800 ms (FindLiveObjects: 1.917900 ms CreateObjectMapping: 0.039500 ms MarkObjects: 8.842700 ms  DeleteObjects: 0.426500 ms)

========================================================================
Received Import Request.
  Time since last request: 82.030914 seconds.
  path: Assets/Scripts/GameManager.cs
  artifactKey: Guid(6d6d264ccc5afb84fb07b4b3b747221e) Importer(815301076,1909f56bfc062723c751e8b465ee728b)
Start importing Assets/Scripts/GameManager.cs using Guid(6d6d264ccc5afb84fb07b4b3b747221e) Importer(815301076,1909f56bfc062723c751e8b465ee728b)  -> (artifact id: '2903db01a10633782fee073973168300') in 0.005685 seconds
  Import took 0.311408 seconds .

========================================================================
Received Prepare
Registering precompiled user dll's ...
Registered in 0.000669 seconds.
Begin MonoManager ReloadAssembly
Native extension for WindowsStandalone target not found
Refreshing native plugins compatible for Editor in 0.29 ms, found 0 plugins.
Preloading 0 native plugins for Editor in 0.00 ms.
Mono: successfully reloaded assembly
- Completed reload, in  1.056 seconds
Platform modules already initialized, skipping
Refreshing native plugins compatible for Editor in 0.19 ms, found 0 plugins.
Preloading 0 native plugins for Editor in 0.00 ms.
Unloading 1116 Unused Serialized files (Serialized files now loaded: 0)
System memory in use before: 60.7 MB.
System memory in use after: 60.8 MB.

Unloading 5 unused Assets to reduce memory usage. Loaded Objects now: 1660.
Total: 1.838700 ms (FindLiveObjects: 0.144700 ms CreateObjectMapping: 0.031600 ms MarkObjects: 1.560300 ms  DeleteObjects: 0.101100 ms)

========================================================================
Received Import Request.
  Time since last request: 85.229595 seconds.
  path: Assets/Scripts/GameManager.cs
  artifactKey: Guid(6d6d264ccc5afb84fb07b4b3b747221e) Importer(815301076,1909f56bfc062723c751e8b465ee728b)
Start importing Assets/Scripts/GameManager.cs using Guid(6d6d264ccc5afb84fb07b4b3b747221e) Importer(815301076,1909f56bfc062723c751e8b465ee728b)  -> (artifact id: '48de1eb16856ebe1eff653835f7d7a61') in 0.005829 seconds
  Import took 0.008533 seconds .

========================================================================
Received Import Request.
  Time since last request: 0.095860 seconds.
  path: Assets/Scripts/GameManager.cs
  artifactKey: Guid(6d6d264ccc5afb84fb07b4b3b747221e) Importer(815301076,1909f56bfc062723c751e8b465ee728b)
Start importing Assets/Scripts/GameManager.cs using Guid(6d6d264ccc5afb84fb07b4b3b747221e) Importer(815301076,1909f56bfc062723c751e8b465ee728b)  -> (artifact id: '48de1eb16856ebe1eff653835f7d7a61') in 0.003677 seconds
  Import took 0.007136 seconds .

========================================================================
Received Prepare
Registering precompiled user dll's ...
Registered in 0.000977 seconds.
Begin MonoManager ReloadAssembly
Native extension for WindowsStandalone target not found
Refreshing native plugins compatible for Editor in 0.32 ms, found 0 plugins.
Preloading 0 native plugins for Editor in 0.00 ms.
Mono: successfully reloaded assembly
- Completed reload, in  1.058 seconds
Platform modules already initialized, skipping
Refreshing native plugins compatible for Editor in 0.24 ms, found 0 plugins.
Preloading 0 native plugins for Editor in 0.00 ms.
Unloading 1116 Unused Serialized files (Serialized files now loaded: 0)
System memory in use before: 60.7 MB.
System memory in use after: 60.8 MB.

Unloading 5 unused Assets to reduce memory usage. Loaded Objects now: 1663.
Total: 2.408400 ms (FindLiveObjects: 0.133600 ms CreateObjectMapping: 0.034800 ms MarkObjects: 2.147000 ms  DeleteObjects: 0.091800 ms)

========================================================================
Received Prepare
Registering precompiled user dll's ...
Registered in 0.000812 seconds.
Begin MonoManager ReloadAssembly
Native extension for WindowsStandalone target not found
Refreshing native plugins compatible for Editor in 0.19 ms, found 0 plugins.
Preloading 0 native plugins for Editor in 0.00 ms.
Mono: successfully reloaded assembly
- Completed reload, in  0.985 seconds
Platform modules already initialized, skipping
Refreshing native plugins compatible for Editor in 0.29 ms, found 0 plugins.
Preloading 0 native plugins for Editor in 0.00 ms.
Unloading 1116 Unused Serialized files (Serialized files now loaded: 0)
System memory in use before: 60.7 MB.
System memory in use after: 60.8 MB.

Unloading 5 unused Assets to reduce memory usage. Loaded Objects now: 1666.
Total: 1.831000 ms (FindLiveObjects: 0.130700 ms CreateObjectMapping: 0.037900 ms MarkObjects: 1.582600 ms  DeleteObjects: 0.079000 ms)

========================================================================
Received Prepare
Registering precompiled user dll's ...
Registered in 0.000857 seconds.
Begin MonoManager ReloadAssembly
Native extension for WindowsStandalone target not found
Refreshing native plugins compatible for Editor in 0.24 ms, found 0 plugins.
Preloading 0 native plugins for Editor in 0.00 ms.
Mono: successfully reloaded assembly
- Completed reload, in  1.041 seconds
Platform modules already initialized, skipping
Refreshing native plugins compatible for Editor in 0.26 ms, found 0 plugins.
Preloading 0 native plugins for Editor in 0.00 ms.
Unloading 1116 Unused Serialized files (Serialized files now loaded: 0)
System memory in use before: 60.7 MB.
System memory in use after: 60.8 MB.

Unloading 5 unused Assets to reduce memory usage. Loaded Objects now: 1669.
Total: 1.854800 ms (FindLiveObjects: 0.146700 ms CreateObjectMapping: 0.032800 ms MarkObjects: 1.595000 ms  DeleteObjects: 0.079400 ms)

========================================================================
Received Prepare
Registering precompiled user dll's ...
Registered in 0.001073 seconds.
Begin MonoManager ReloadAssembly
Native extension for WindowsStandalone target not found
Refreshing native plugins compatible for Editor in 0.19 ms, found 0 plugins.
Preloading 0 native plugins for Editor in 0.00 ms.
Mono: successfully reloaded assembly
- Completed reload, in  1.013 seconds
Platform modules already initialized, skipping
Refreshing native plugins compatible for Editor in 0.36 ms, found 0 plugins.
Preloading 0 native plugins for Editor in 0.00 ms.
Unloading 1116 Unused Serialized files (Serialized files now loaded: 0)
System memory in use before: 60.7 MB.
System memory in use after: 60.8 MB.

Unloading 5 unused Assets to reduce memory usage. Loaded Objects now: 1672.
Total: 2.485000 ms (FindLiveObjects: 0.149400 ms CreateObjectMapping: 0.035700 ms MarkObjects: 2.202800 ms  DeleteObjects: 0.096200 ms)

========================================================================
Received Prepare
Registering precompiled user dll's ...
Registered in 0.001408 seconds.
Begin MonoManager ReloadAssembly
Native extension for WindowsStandalone target not found
Refreshing native plugins compatible for Editor in 0.30 ms, found 0 plugins.
Preloading 0 native plugins for Editor in 0.00 ms.
Mono: successfully reloaded assembly
- Completed reload, in  1.062 seconds
Platform modules already initialized, skipping
Refreshing native plugins compatible for Editor in 0.19 ms, found 0 plugins.
Preloading 0 native plugins for Editor in 0.00 ms.
Unloading 1116 Unused Serialized files (Serialized files now loaded: 0)
System memory in use before: 60.7 MB.
System memory in use after: 60.8 MB.

Unloading 5 unused Assets to reduce memory usage. Loaded Objects now: 1675.
Total: 1.680600 ms (FindLiveObjects: 0.124700 ms CreateObjectMapping: 0.033700 ms MarkObjects: 1.442500 ms  DeleteObjects: 0.078900 ms)

========================================================================
Received Import Request.
  Time since last request: 1911.140785 seconds.
  path: Assets/Scripts/New Lighting Settings.lighting
  artifactKey: Guid(a4419b30d37740e47a5b6d528d92c047) Importer(815301076,1909f56bfc062723c751e8b465ee728b)
Start importing Assets/Scripts/New Lighting Settings.lighting using Guid(a4419b30d37740e47a5b6d528d92c047) Importer(815301076,1909f56bfc062723c751e8b465ee728b)  -> (artifact id: 'b5beeae8dccdfaf325c54ab7e2ee611d') in 0.062504 seconds
  Import took 0.066992 seconds .

========================================================================
Received Prepare
Registering precompiled user dll's ...
Registered in 0.001318 seconds.
Begin MonoManager ReloadAssembly
Native extension for WindowsStandalone target not found
Refreshing native plugins compatible for Editor in 0.23 ms, found 0 plugins.
Preloading 0 native plugins for Editor in 0.00 ms.
Mono: successfully reloaded assembly
- Completed reload, in  1.038 seconds
Platform modules already initialized, skipping
Refreshing native plugins compatible for Editor in 0.20 ms, found 0 plugins.
Preloading 0 native plugins for Editor in 0.00 ms.
Unloading 1116 Unused Serialized files (Serialized files now loaded: 0)
System memory in use before: 60.7 MB.
System memory in use after: 60.8 MB.

Unloading 5 unused Assets to reduce memory usage. Loaded Objects now: 1678.
Total: 1.807900 ms (FindLiveObjects: 0.133700 ms CreateObjectMapping: 0.030800 ms MarkObjects: 1.550400 ms  DeleteObjects: 0.092200 ms)

========================================================================
Received Prepare
Registering precompiled user dll's ...
Registered in 0.000764 seconds.
Begin MonoManager ReloadAssembly
Native extension for WindowsStandalone target not found
Refreshing native plugins compatible for Editor in 0.31 ms, found 0 plugins.
Preloading 0 native plugins for Editor in 0.00 ms.
Mono: successfully reloaded assembly
- Completed reload, in  0.960 seconds
Platform modules already initialized, skipping
Refreshing native plugins compatible for Editor in 0.20 ms, found 0 plugins.
Preloading 0 native plugins for Editor in 0.00 ms.
Unloading 1116 Unused Serialized files (Serialized files now loaded: 0)
System memory in use before: 60.7 MB.
System memory in use after: 60.8 MB.

Unloading 5 unused Assets to reduce memory usage. Loaded Objects now: 1681.
Total: 1.773400 ms (FindLiveObjects: 0.138100 ms CreateObjectMapping: 0.033800 ms MarkObjects: 1.524600 ms  DeleteObjects: 0.076200 ms)

========================================================================
Received Prepare
Registering precompiled user dll's ...
Registered in 0.000891 seconds.
Begin MonoManager ReloadAssembly
Native extension for WindowsStandalone target not found
Refreshing native plugins compatible for Editor in 0.19 ms, found 0 plugins.
Preloading 0 native plugins for Editor in 0.00 ms.
Mono: successfully reloaded assembly
- Completed reload, in  1.043 seconds
Platform modules already initialized, skipping
Refreshing native plugins compatible for Editor in 0.20 ms, found 0 plugins.
Preloading 0 native plugins for Editor in 0.00 ms.
Unloading 1116 Unused Serialized files (Serialized files now loaded: 0)
System memory in use before: 60.7 MB.
System memory in use after: 60.8 MB.

Unloading 5 unused Assets to reduce memory usage. Loaded Objects now: 1684.
Total: 1.805800 ms (FindLiveObjects: 0.139700 ms CreateObjectMapping: 0.031700 ms MarkObjects: 1.555400 ms  DeleteObjects: 0.078100 ms)

========================================================================
Received Prepare
Registering precompiled user dll's ...
Registered in 0.009559 seconds.
Begin MonoManager ReloadAssembly
Native extension for WindowsStandalone target not found
Refreshing native plugins compatible for Editor in 0.35 ms, found 0 plugins.
Preloading 0 native plugins for Editor in 0.00 ms.
Mono: successfully reloaded assembly
- Completed reload, in  1.782 seconds
Platform modules already initialized, skipping
Refreshing native plugins compatible for Editor in 0.21 ms, found 0 plugins.
Preloading 0 native plugins for Editor in 0.00 ms.
Unloading 1116 Unused Serialized files (Serialized files now loaded: 0)
System memory in use before: 60.8 MB.
System memory in use after: 60.8 MB.

Unloading 5 unused Assets to reduce memory usage. Loaded Objects now: 1687.
Total: 1.888300 ms (FindLiveObjects: 0.136300 ms CreateObjectMapping: 0.031000 ms MarkObjects: 1.613000 ms  DeleteObjects: 0.107000 ms)

========================================================================
Received Prepare
Registering precompiled user dll's ...
Registered in 0.000918 seconds.
Begin MonoManager ReloadAssembly
Native extension for WindowsStandalone target not found
Refreshing native plugins compatible for Editor in 0.26 ms, found 0 plugins.
Preloading 0 native plugins for Editor in 0.00 ms.
Mono: successfully reloaded assembly
- Completed reload, in  1.246 seconds
Platform modules already initialized, skipping
Refreshing native plugins compatible for Editor in 0.19 ms, found 0 plugins.
Preloading 0 native plugins for Editor in 0.00 ms.
Unloading 1116 Unused Serialized files (Serialized files now loaded: 0)
System memory in use before: 60.8 MB.
System memory in use after: 60.8 MB.

Unloading 5 unused Assets to reduce memory usage. Loaded Objects now: 1690.
Total: 2.345900 ms (FindLiveObjects: 0.136700 ms CreateObjectMapping: 0.030800 ms MarkObjects: 2.077400 ms  DeleteObjects: 0.100400 ms)

========================================================================
Received Import Request.
  Time since last request: 6485.081576 seconds.
  path: Assets/Scripts/GameManager.cs
  artifactKey: Guid(6d6d264ccc5afb84fb07b4b3b747221e) Importer(815301076,1909f56bfc062723c751e8b465ee728b)
Start importing Assets/Scripts/GameManager.cs using Guid(6d6d264ccc5afb84fb07b4b3b747221e) Importer(815301076,1909f56bfc062723c751e8b465ee728b)  -> (artifact id: '0b85c8059fad771828d14fe57902bc90') in 0.009487 seconds
  Import took 0.013472 seconds .

========================================================================
Received Import Request.
  Time since last request: 0.000786 seconds.
  path: Assets/Scripts/GameManager.cs
  artifactKey: Guid(6d6d264ccc5afb84fb07b4b3b747221e) Importer(815301076,1909f56bfc062723c751e8b465ee728b)
Start importing Assets/Scripts/GameManager.cs using Guid(6d6d264ccc5afb84fb07b4b3b747221e) Importer(815301076,1909f56bfc062723c751e8b465ee728b)  -> (artifact id: '0b85c8059fad771828d14fe57902bc90') in 0.003003 seconds
  Import took 0.006061 seconds .

========================================================================
Received Import Request.
  Time since last request: 160.020881 seconds.
  path: Assets/Scripts/GameManager.cs
  artifactKey: Guid(6d6d264ccc5afb84fb07b4b3b747221e) Importer(815301076,1909f56bfc062723c751e8b465ee728b)
Start importing Assets/Scripts/GameManager.cs using Guid(6d6d264ccc5afb84fb07b4b3b747221e) Importer(815301076,1909f56bfc062723c751e8b465ee728b)  -> (artifact id: 'eeeea8b38b85d18ed5d12c5dc226a419') in 0.003156 seconds
  Import took 0.006029 seconds .

========================================================================
Received Import Request.
  Time since last request: 21.164222 seconds.
  path: Assets/Scripts/GameManager.cs
  artifactKey: Guid(6d6d264ccc5afb84fb07b4b3b747221e) Importer(815301076,1909f56bfc062723c751e8b465ee728b)
Start importing Assets/Scripts/GameManager.cs using Guid(6d6d264ccc5afb84fb07b4b3b747221e) Importer(815301076,1909f56bfc062723c751e8b465ee728b)  -> (artifact id: '1f0c23fa2d8b0d8e3fd3106c40e2ef01') in 0.003719 seconds
  Import took 0.006973 seconds .

========================================================================
Received Import Request.
  Time since last request: 235.506668 seconds.
  path: Assets/Scripts/GameManager.cs
  artifactKey: Guid(6d6d264ccc5afb84fb07b4b3b747221e) Importer(815301076,1909f56bfc062723c751e8b465ee728b)
Start importing Assets/Scripts/GameManager.cs using Guid(6d6d264ccc5afb84fb07b4b3b747221e) Importer(815301076,1909f56bfc062723c751e8b465ee728b)  -> (artifact id: 'c74ce8fb64f3bc7dd7fc10012ed62639') in 0.004001 seconds
  Import took 0.219771 seconds .

========================================================================
Received Prepare
Registering precompiled user dll's ...
Registered in 0.000824 seconds.
Begin MonoManager ReloadAssembly
Native extension for WindowsStandalone target not found
Refreshing native plugins compatible for Editor in 0.32 ms, found 0 plugins.
Preloading 0 native plugins for Editor in 0.00 ms.
Mono: successfully reloaded assembly
- Completed reload, in  1.101 seconds
Platform modules already initialized, skipping
Refreshing native plugins compatible for Editor in 0.26 ms, found 0 plugins.
Preloading 0 native plugins for Editor in 0.00 ms.
Unloading 1116 Unused Serialized files (Serialized files now loaded: 0)
System memory in use before: 60.8 MB.
System memory in use after: 60.8 MB.

Unloading 5 unused Assets to reduce memory usage. Loaded Objects now: 1693.
Total: 3.242500 ms (FindLiveObjects: 0.240800 ms CreateObjectMapping: 0.067200 ms MarkObjects: 2.800900 ms  DeleteObjects: 0.131700 ms)

========================================================================
Received Prepare
Registering precompiled user dll's ...
Registered in 0.000879 seconds.
Begin MonoManager ReloadAssembly
Native extension for WindowsStandalone target not found
Refreshing native plugins compatible for Editor in 0.20 ms, found 0 plugins.
Preloading 0 native plugins for Editor in 0.00 ms.
Mono: successfully reloaded assembly
- Completed reload, in  1.068 seconds
Platform modules already initialized, skipping
Refreshing native plugins compatible for Editor in 0.25 ms, found 0 plugins.
Preloading 0 native plugins for Editor in 0.00 ms.
Unloading 1116 Unused Serialized files (Serialized files now loaded: 0)
System memory in use before: 60.8 MB.
System memory in use after: 60.8 MB.

Unloading 5 unused Assets to reduce memory usage. Loaded Objects now: 1696.
Total: 1.719800 ms (FindLiveObjects: 0.140500 ms CreateObjectMapping: 0.038200 ms MarkObjects: 1.450700 ms  DeleteObjects: 0.089500 ms)

========================================================================
Received Prepare
Registering precompiled user dll's ...
Registered in 0.000989 seconds.
Begin MonoManager ReloadAssembly
Native extension for WindowsStandalone target not found
Refreshing native plugins compatible for Editor in 0.33 ms, found 0 plugins.
Preloading 0 native plugins for Editor in 0.00 ms.
Mono: successfully reloaded assembly
- Completed reload, in  1.091 seconds
Platform modules already initialized, skipping
Refreshing native plugins compatible for Editor in 0.21 ms, found 0 plugins.
Preloading 0 native plugins for Editor in 0.00 ms.
Unloading 1116 Unused Serialized files (Serialized files now loaded: 0)
System memory in use before: 60.8 MB.
System memory in use after: 60.9 MB.

Unloading 5 unused Assets to reduce memory usage. Loaded Objects now: 1699.
Total: 1.942700 ms (FindLiveObjects: 0.146500 ms CreateObjectMapping: 0.032700 ms MarkObjects: 1.661400 ms  DeleteObjects: 0.100700 ms)

========================================================================
Received Prepare
Registering precompiled user dll's ...
Registered in 0.001047 seconds.
Begin MonoManager ReloadAssembly
Native extension for WindowsStandalone target not found
Refreshing native plugins compatible for Editor in 0.27 ms, found 0 plugins.
Preloading 0 native plugins for Editor in 0.00 ms.
Mono: successfully reloaded assembly
- Completed reload, in  1.095 seconds
Platform modules already initialized, skipping
Refreshing native plugins compatible for Editor in 0.19 ms, found 0 plugins.
Preloading 0 native plugins for Editor in 0.00 ms.
Unloading 1116 Unused Serialized files (Serialized files now loaded: 0)
System memory in use before: 60.8 MB.
System memory in use after: 60.9 MB.

Unloading 5 unused Assets to reduce memory usage. Loaded Objects now: 1702.
Total: 2.086900 ms (FindLiveObjects: 0.135500 ms CreateObjectMapping: 0.032500 ms MarkObjects: 1.823800 ms  DeleteObjects: 0.094200 ms)

========================================================================
Received Prepare
Registering precompiled user dll's ...
Registered in 0.014665 seconds.
Begin MonoManager ReloadAssembly
Native extension for WindowsStandalone target not found
Refreshing native plugins compatible for Editor in 0.20 ms, found 0 plugins.
Preloading 0 native plugins for Editor in 0.00 ms.
Mono: successfully reloaded assembly
- Completed reload, in  1.846 seconds
Platform modules already initialized, skipping
Refreshing native plugins compatible for Editor in 0.19 ms, found 0 plugins.
Preloading 0 native plugins for Editor in 0.00 ms.
Unloading 1116 Unused Serialized files (Serialized files now loaded: 0)
System memory in use before: 60.8 MB.
System memory in use after: 60.9 MB.

Unloading 5 unused Assets to reduce memory usage. Loaded Objects now: 1705.
Total: 1.735700 ms (FindLiveObjects: 0.140500 ms CreateObjectMapping: 0.031400 ms MarkObjects: 1.483800 ms  DeleteObjects: 0.079100 ms)

========================================================================
Received Prepare
Registering precompiled user dll's ...
Registered in 0.000730 seconds.
Begin MonoManager ReloadAssembly
Native extension for WindowsStandalone target not found
Refreshing native plugins compatible for Editor in 0.25 ms, found 0 plugins.
Preloading 0 native plugins for Editor in 0.00 ms.
Mono: successfully reloaded assembly
- Completed reload, in  1.061 seconds
Platform modules already initialized, skipping
Refreshing native plugins compatible for Editor in 0.19 ms, found 0 plugins.
Preloading 0 native plugins for Editor in 0.00 ms.
Unloading 1116 Unused Serialized files (Serialized files now loaded: 0)
System memory in use before: 60.8 MB.
System memory in use after: 60.9 MB.

Unloading 5 unused Assets to reduce memory usage. Loaded Objects now: 1708.
Total: 1.761600 ms (FindLiveObjects: 0.126000 ms CreateObjectMapping: 0.033100 ms MarkObjects: 1.525200 ms  DeleteObjects: 0.076500 ms)

========================================================================
Received Prepare
Registering precompiled user dll's ...
Registered in 0.000874 seconds.
Begin MonoManager ReloadAssembly
Native extension for WindowsStandalone target not found
Refreshing native plugins compatible for Editor in 0.19 ms, found 0 plugins.
Preloading 0 native plugins for Editor in 0.00 ms.
Mono: successfully reloaded assembly
- Completed reload, in  1.093 seconds
Platform modules already initialized, skipping
Refreshing native plugins compatible for Editor in 0.32 ms, found 0 plugins.
Preloading 0 native plugins for Editor in 0.00 ms.
Unloading 1116 Unused Serialized files (Serialized files now loaded: 0)
System memory in use before: 60.8 MB.
System memory in use after: 60.9 MB.

Unloading 5 unused Assets to reduce memory usage. Loaded Objects now: 1711.
Total: 1.970500 ms (FindLiveObjects: 0.162900 ms CreateObjectMapping: 0.079200 ms MarkObjects: 1.620800 ms  DeleteObjects: 0.106600 ms)

========================================================================
Received Prepare
Registering precompiled user dll's ...
Registered in 0.000750 seconds.
Begin MonoManager ReloadAssembly
Native extension for WindowsStandalone target not found
Refreshing native plugins compatible for Editor in 0.19 ms, found 0 plugins.
Preloading 0 native plugins for Editor in 0.00 ms.
Mono: successfully reloaded assembly
- Completed reload, in  1.021 seconds
Platform modules already initialized, skipping
Refreshing native plugins compatible for Editor in 0.23 ms, found 0 plugins.
Preloading 0 native plugins for Editor in 0.00 ms.
Unloading 1116 Unused Serialized files (Serialized files now loaded: 0)
System memory in use before: 60.8 MB.
System memory in use after: 60.9 MB.

Unloading 5 unused Assets to reduce memory usage. Loaded Objects now: 1714.
Total: 1.889900 ms (FindLiveObjects: 0.142600 ms CreateObjectMapping: 0.034100 ms MarkObjects: 1.629400 ms  DeleteObjects: 0.082900 ms)

========================================================================
Received Prepare
Registering precompiled user dll's ...
Registered in 0.021794 seconds.
Begin MonoManager ReloadAssembly
Native extension for WindowsStandalone target not found
Refreshing native plugins compatible for Editor in 0.21 ms, found 0 plugins.
Preloading 0 native plugins for Editor in 0.00 ms.
Mono: successfully reloaded assembly
- Completed reload, in  1.148 seconds
Platform modules already initialized, skipping
Refreshing native plugins compatible for Editor in 0.20 ms, found 0 plugins.
Preloading 0 native plugins for Editor in 0.00 ms.
Unloading 1116 Unused Serialized files (Serialized files now loaded: 0)
System memory in use before: 60.8 MB.
System memory in use after: 60.9 MB.

Unloading 5 unused Assets to reduce memory usage. Loaded Objects now: 1717.
Total: 1.788500 ms (FindLiveObjects: 0.153100 ms CreateObjectMapping: 0.037900 ms MarkObjects: 1.508900 ms  DeleteObjects: 0.087500 ms)

========================================================================
Received Prepare
Registering precompiled user dll's ...
Registered in 0.000778 seconds.
Begin MonoManager ReloadAssembly
Native extension for WindowsStandalone target not found
Refreshing native plugins compatible for Editor in 0.19 ms, found 0 plugins.
Preloading 0 native plugins for Editor in 0.00 ms.
Mono: successfully reloaded assembly
- Completed reload, in  1.043 seconds
Platform modules already initialized, skipping
Refreshing native plugins compatible for Editor in 0.21 ms, found 0 plugins.
Preloading 0 native plugins for Editor in 0.00 ms.
Unloading 1116 Unused Serialized files (Serialized files now loaded: 0)
System memory in use before: 60.8 MB.
System memory in use after: 60.9 MB.

Unloading 5 unused Assets to reduce memory usage. Loaded Objects now: 1720.
Total: 2.384600 ms (FindLiveObjects: 0.180400 ms CreateObjectMapping: 0.044100 ms MarkObjects: 2.085100 ms  DeleteObjects: 0.073500 ms)

========================================================================
Received Prepare
Registering precompiled user dll's ...
Registered in 0.000818 seconds.
Begin MonoManager ReloadAssembly
Native extension for WindowsStandalone target not found
Refreshing native plugins compatible for Editor in 0.20 ms, found 0 plugins.
Preloading 0 native plugins for Editor in 0.00 ms.
Mono: successfully reloaded assembly
- Completed reload, in  1.442 seconds
Platform modules already initialized, skipping
Refreshing native plugins compatible for Editor in 0.20 ms, found 0 plugins.
Preloading 0 native plugins for Editor in 0.00 ms.
Unloading 1116 Unused Serialized files (Serialized files now loaded: 0)
System memory in use before: 60.8 MB.
System memory in use after: 60.9 MB.

Unloading 5 unused Assets to reduce memory usage. Loaded Objects now: 1723.
Total: 1.814200 ms (FindLiveObjects: 0.140400 ms CreateObjectMapping: 0.033100 ms MarkObjects: 1.547600 ms  DeleteObjects: 0.092400 ms)

AssetImportWorkerClient::OnTransportError - code=2 error=End of file
