Using pre-set license
Built from '2020.3/staging' branch; Version is '2020.3.8f1 (507919d4fff5) revision 5273881'; Using compiler version '192528614'; Build Type 'Release'
OS: 'Windows 10 Pro; OS build 17134.829; Version 1803; 64bit' Language: 'ko' Physical Memory: 8128 MB
BatchMode: 1, IsHumanControllingUs: 0, StartBugReporterOnCrash: 0, Is64bit: 1, IsPro: 0

 COMMAND LINE ARGUMENTS:
C:\Program Files\Unity\Hub\Editor\2020.3.8f1\Editor\Unity.exe
-adb2
-batchMode
-noUpm
-name
AssetImportWorker0
-projectPath
C:/Users/USER/Documents/New Unity Project
-logFile
Logs/AssetImportWorker0.log
-srvPort
5117
Successfully changed project path to: C:/Users/USER/Documents/New Unity Project
C:/Users/USER/Documents/New Unity Project
Using Asset Import Pipeline V2.
Refreshing native plugins compatible for Editor in 34.18 ms, found 0 plugins.
Preloading 0 native plugins for Editor in 0.00 ms.
Initialize engine version: 2020.3.8f1 (507919d4fff5)
[Subsystems] Discovering subsystems at path C:/Program Files/Unity/Hub/Editor/2020.3.8f1/Editor/Data/Resources/UnitySubsystems
[Subsystems] Discovering subsystems at path C:/Users/USER/Documents/New Unity Project/Assets
GfxDevice: creating device client; threaded=0
Direct3D:
    Version:  Direct3D 11.0 [level 11.1]
    Renderer: NVIDIA GeForce GTX 1050 (ID=0x1c81)
    Vendor:   
    VRAM:     1987 MB
    Driver:   23.21.13.8816
Initialize mono
Mono path[0] = 'C:/Program Files/Unity/Hub/Editor/2020.3.8f1/Editor/Data/Managed'
Mono path[1] = 'C:/Program Files/Unity/Hub/Editor/2020.3.8f1/Editor/Data/MonoBleedingEdge/lib/mono/unityjit'
Mono config path = 'C:/Program Files/Unity/Hub/Editor/2020.3.8f1/Editor/Data/MonoBleedingEdge/etc'
Using monoOptions --debugger-agent=transport=dt_socket,embedding=1,server=y,suspend=n,address=127.0.0.1:56768
Begin MonoManager ReloadAssembly
Registering precompiled unity dll's ...
Register platform support module: C:/Program Files/Unity/Hub/Editor/2020.3.8f1/Editor/Data/PlaybackEngines/WindowsStandaloneSupport/UnityEditor.WindowsStandalone.Extensions.dll
Registered in 0.032964 seconds.
Native extension for WindowsStandalone target not found
Refreshing native plugins compatible for Editor in 32.50 ms, found 0 plugins.
Preloading 0 native plugins for Editor in 0.00 ms.
Mono: successfully reloaded assembly
- Completed reload, in  3.540 seconds
Platform modules already initialized, skipping
Registering precompiled user dll's ...
Registered in 0.008297 seconds.
Begin MonoManager ReloadAssembly
Native extension for WindowsStandalone target not found
Refreshing native plugins compatible for Editor in 0.22 ms, found 0 plugins.
Preloading 0 native plugins for Editor in 0.00 ms.
Mono: successfully reloaded assembly
- Completed reload, in  1.521 seconds
Platform modules already initialized, skipping
========================================================================
Worker process is ready to serve import requests
Launched and connected shader compiler UnityShaderCompiler.exe after 0.10 seconds
Refreshing native plugins compatible for Editor in 0.24 ms, found 0 plugins.
Preloading 0 native plugins for Editor in 0.00 ms.
Unloading 1117 Unused Serialized files (Serialized files now loaded: 0)
System memory in use before: 57.2 MB.
System memory in use after: 57.3 MB.

Unloading 10 unused Assets to reduce memory usage. Loaded Objects now: 1559.
Total: 2.596958 ms (FindLiveObjects: 0.223850 ms CreateObjectMapping: 0.071211 ms MarkObjects: 2.130329 ms  DeleteObjects: 0.170366 ms)

========================================================================
Received Import Request.
  path: Assets/Scenes/PlayerController.cs
  artifactKey: Guid(8bb246ce46ef1d84da1578f5a4783cd5) Importer(815301076,1909f56bfc062723c751e8b465ee728b)
Start importing Assets/Scenes/PlayerController.cs using Guid(8bb246ce46ef1d84da1578f5a4783cd5) Importer(815301076,1909f56bfc062723c751e8b465ee728b)  -> (artifact id: '399ef95b0a9280aff2ed9fe62f4cb53a') in 0.076885 seconds
  Import took 0.079317 seconds .

========================================================================
Received Prepare
Registering precompiled user dll's ...
Registered in 0.002491 seconds.
Begin MonoManager ReloadAssembly
Native extension for WindowsStandalone target not found
Refreshing native plugins compatible for Editor in 0.20 ms, found 0 plugins.
Preloading 0 native plugins for Editor in 0.00 ms.
Mono: successfully reloaded assembly
- Completed reload, in  1.311 seconds
Platform modules already initialized, skipping
Refreshing native plugins compatible for Editor in 0.59 ms, found 0 plugins.
Preloading 0 native plugins for Editor in 0.00 ms.
Unloading 1112 Unused Serialized files (Serialized files now loaded: 0)
System memory in use before: 57.2 MB.
System memory in use after: 57.2 MB.

Unloading 5 unused Assets to reduce memory usage. Loaded Objects now: 1562.
Total: 2.172394 ms (FindLiveObjects: 0.156244 ms CreateObjectMapping: 0.043869 ms MarkObjects: 1.895362 ms  DeleteObjects: 0.076019 ms)

========================================================================
Received Import Request.
  Time since last request: 24.051435 seconds.
  path: Assets
  artifactKey: Guid(00000000000000001000000000000000) Importer(815301076,1909f56bfc062723c751e8b465ee728b)
Start importing Assets using Guid(00000000000000001000000000000000) Importer(815301076,1909f56bfc062723c751e8b465ee728b)  -> (artifact id: 'b73c2acb0e0d81aa8f8e44902b6261ba') in 0.038853 seconds
  Import took 0.045329 seconds .

========================================================================
Received Prepare
Registering precompiled user dll's ...
Registered in 0.002115 seconds.
Begin MonoManager ReloadAssembly
Native extension for WindowsStandalone target not found
Refreshing native plugins compatible for Editor in 0.30 ms, found 0 plugins.
Preloading 0 native plugins for Editor in 0.00 ms.
Mono: successfully reloaded assembly
- Completed reload, in  1.204 seconds
Platform modules already initialized, skipping
Refreshing native plugins compatible for Editor in 0.20 ms, found 0 plugins.
Preloading 0 native plugins for Editor in 0.00 ms.
Unloading 1112 Unused Serialized files (Serialized files now loaded: 0)
System memory in use before: 57.2 MB.
System memory in use after: 57.3 MB.

Unloading 5 unused Assets to reduce memory usage. Loaded Objects now: 1565.
Total: 1.696751 ms (FindLiveObjects: 0.116582 ms CreateObjectMapping: 0.030347 ms MarkObjects: 1.478610 ms  DeleteObjects: 0.070310 ms)

========================================================================
Received Import Request.
  Time since last request: 155.327176 seconds.
  path: Assets/Scenes/HelloCode.cs
  artifactKey: Guid(9462ca567d1acf6458edc95636a622e1) Importer(815301076,1909f56bfc062723c751e8b465ee728b)
Start importing Assets/Scenes/HelloCode.cs using Guid(9462ca567d1acf6458edc95636a622e1) Importer(815301076,1909f56bfc062723c751e8b465ee728b)  -> (artifact id: 'd2ac7c4791711b2ec4da9c844039afe2') in 0.013053 seconds
  Import took 0.015954 seconds .

========================================================================
Received Import Request.
  Time since last request: 0.442775 seconds.
  path: Assets/Scenes/PlayerController.cs
  artifactKey: Guid(8bb246ce46ef1d84da1578f5a4783cd5) Importer(815301076,1909f56bfc062723c751e8b465ee728b)
Start importing Assets/Scenes/PlayerController.cs using Guid(8bb246ce46ef1d84da1578f5a4783cd5) Importer(815301076,1909f56bfc062723c751e8b465ee728b)  -> (artifact id: '396e3218c6da80875ba0e5c837702054') in 0.006442 seconds
  Import took 0.009219 seconds .

========================================================================
Received Import Request.
  Time since last request: 0.026713 seconds.
  path: Assets/Scenes/PlayerController.cs
  artifactKey: Guid(8bb246ce46ef1d84da1578f5a4783cd5) Importer(815301076,1909f56bfc062723c751e8b465ee728b)
Start importing Assets/Scenes/PlayerController.cs using Guid(8bb246ce46ef1d84da1578f5a4783cd5) Importer(815301076,1909f56bfc062723c751e8b465ee728b)  -> (artifact id: '396e3218c6da80875ba0e5c837702054') in 0.007095 seconds
  Import took 0.010418 seconds .

========================================================================
Received Prepare
Registering precompiled user dll's ...
Registered in 0.002121 seconds.
Begin MonoManager ReloadAssembly
Native extension for WindowsStandalone target not found
Refreshing native plugins compatible for Editor in 0.46 ms, found 0 plugins.
Preloading 0 native plugins for Editor in 0.00 ms.
Mono: successfully reloaded assembly
- Completed reload, in  1.299 seconds
Platform modules already initialized, skipping
Refreshing native plugins compatible for Editor in 0.27 ms, found 0 plugins.
Preloading 0 native plugins for Editor in 0.00 ms.
Unloading 1112 Unused Serialized files (Serialized files now loaded: 0)
System memory in use before: 57.2 MB.
System memory in use after: 57.3 MB.

Unloading 5 unused Assets to reduce memory usage. Loaded Objects now: 1568.
Total: 2.081653 ms (FindLiveObjects: 0.201915 ms CreateObjectMapping: 0.104864 ms MarkObjects: 1.694948 ms  DeleteObjects: 0.078723 ms)

========================================================================
Received Prepare
Registering precompiled user dll's ...
Registered in 0.001687 seconds.
Begin MonoManager ReloadAssembly
Native extension for WindowsStandalone target not found
Refreshing native plugins compatible for Editor in 0.32 ms, found 0 plugins.
Preloading 0 native plugins for Editor in 0.00 ms.
Mono: successfully reloaded assembly
- Completed reload, in  1.072 seconds
Platform modules already initialized, skipping
Refreshing native plugins compatible for Editor in 0.19 ms, found 0 plugins.
Preloading 0 native plugins for Editor in 0.00 ms.
Unloading 1112 Unused Serialized files (Serialized files now loaded: 0)
System memory in use before: 57.2 MB.
System memory in use after: 57.3 MB.

Unloading 5 unused Assets to reduce memory usage. Loaded Objects now: 1571.
Total: 1.731606 ms (FindLiveObjects: 0.115380 ms CreateObjectMapping: 0.031549 ms MarkObjects: 1.508657 ms  DeleteObjects: 0.075117 ms)

========================================================================
Received Prepare
Registering precompiled user dll's ...
Registered in 0.001956 seconds.
Begin MonoManager ReloadAssembly
Native extension for WindowsStandalone target not found
Refreshing native plugins compatible for Editor in 0.22 ms, found 0 plugins.
Preloading 0 native plugins for Editor in 0.00 ms.
Mono: successfully reloaded assembly
- Completed reload, in  1.020 seconds
Platform modules already initialized, skipping
Refreshing native plugins compatible for Editor in 0.28 ms, found 0 plugins.
Preloading 0 native plugins for Editor in 0.00 ms.
Unloading 1112 Unused Serialized files (Serialized files now loaded: 0)
System memory in use before: 57.2 MB.
System memory in use after: 57.3 MB.

Unloading 5 unused Assets to reduce memory usage. Loaded Objects now: 1574.
Total: 2.825014 ms (FindLiveObjects: 0.173070 ms CreateObjectMapping: 0.054385 ms MarkObjects: 2.521239 ms  DeleteObjects: 0.074817 ms)

========================================================================
Received Prepare
Registering precompiled user dll's ...
Registered in 0.001954 seconds.
Begin MonoManager ReloadAssembly
Native extension for WindowsStandalone target not found
Refreshing native plugins compatible for Editor in 0.22 ms, found 0 plugins.
Preloading 0 native plugins for Editor in 0.00 ms.
Mono: successfully reloaded assembly
- Completed reload, in  1.105 seconds
Platform modules already initialized, skipping
Refreshing native plugins compatible for Editor in 0.20 ms, found 0 plugins.
Preloading 0 native plugins for Editor in 0.00 ms.
Unloading 1112 Unused Serialized files (Serialized files now loaded: 0)
System memory in use before: 57.2 MB.
System memory in use after: 57.3 MB.

Unloading 5 unused Assets to reduce memory usage. Loaded Objects now: 1577.
Total: 1.916695 ms (FindLiveObjects: 0.126498 ms CreateObjectMapping: 0.036056 ms MarkObjects: 1.645972 ms  DeleteObjects: 0.106366 ms)

========================================================================
Received Import Request.
  Time since last request: 7794.339168 seconds.
  path: Assets/Scenes/PlayerController.cs
  artifactKey: Guid(8bb246ce46ef1d84da1578f5a4783cd5) Importer(815301076,1909f56bfc062723c751e8b465ee728b)
Start importing Assets/Scenes/PlayerController.cs using Guid(8bb246ce46ef1d84da1578f5a4783cd5) Importer(815301076,1909f56bfc062723c751e8b465ee728b)  -> (artifact id: '0e0624bf500436ae419d29342507e14b') in 0.012297 seconds
  Import took 0.014482 seconds .

========================================================================
Received Import Request.
  Time since last request: 1.061365 seconds.
  path: Assets/Scenes/PlayerController.cs
  artifactKey: Guid(8bb246ce46ef1d84da1578f5a4783cd5) Importer(815301076,1909f56bfc062723c751e8b465ee728b)
Start importing Assets/Scenes/PlayerController.cs using Guid(8bb246ce46ef1d84da1578f5a4783cd5) Importer(815301076,1909f56bfc062723c751e8b465ee728b)  -> (artifact id: '0e0624bf500436ae419d29342507e14b') in 0.005999 seconds
  Import took 0.008544 seconds .

========================================================================
Received Prepare
Registering precompiled user dll's ...
Registered in 0.001752 seconds.
Begin MonoManager ReloadAssembly
Native extension for WindowsStandalone target not found
Refreshing native plugins compatible for Editor in 0.20 ms, found 0 plugins.
Preloading 0 native plugins for Editor in 0.00 ms.
Mono: successfully reloaded assembly
- Completed reload, in  0.977 seconds
Platform modules already initialized, skipping
Refreshing native plugins compatible for Editor in 0.30 ms, found 0 plugins.
Preloading 0 native plugins for Editor in 0.00 ms.
Unloading 1112 Unused Serialized files (Serialized files now loaded: 0)
System memory in use before: 57.2 MB.
System memory in use after: 57.3 MB.

Unloading 5 unused Assets to reduce memory usage. Loaded Objects now: 1580.
Total: 2.977052 ms (FindLiveObjects: 0.203718 ms CreateObjectMapping: 0.061296 ms MarkObjects: 2.592150 ms  DeleteObjects: 0.117784 ms)

========================================================================
Received Prepare
Registering precompiled user dll's ...
Registered in 0.001833 seconds.
Begin MonoManager ReloadAssembly
Native extension for WindowsStandalone target not found
Refreshing native plugins compatible for Editor in 0.20 ms, found 0 plugins.
Preloading 0 native plugins for Editor in 0.00 ms.
Mono: successfully reloaded assembly
- Completed reload, in  0.970 seconds
Platform modules already initialized, skipping
Refreshing native plugins compatible for Editor in 0.20 ms, found 0 plugins.
Preloading 0 native plugins for Editor in 0.00 ms.
Unloading 1112 Unused Serialized files (Serialized files now loaded: 0)
System memory in use before: 57.3 MB.
System memory in use after: 57.3 MB.

Unloading 5 unused Assets to reduce memory usage. Loaded Objects now: 1583.
Total: 2.018254 ms (FindLiveObjects: 0.121991 ms CreateObjectMapping: 0.033953 ms MarkObjects: 1.762854 ms  DeleteObjects: 0.098254 ms)

========================================================================
Received Prepare
Registering precompiled user dll's ...
Registered in 0.002527 seconds.
Begin MonoManager ReloadAssembly
Native extension for WindowsStandalone target not found
Refreshing native plugins compatible for Editor in 0.29 ms, found 0 plugins.
Preloading 0 native plugins for Editor in 0.00 ms.
Mono: successfully reloaded assembly
- Completed reload, in  1.208 seconds
Platform modules already initialized, skipping
Refreshing native plugins compatible for Editor in 0.25 ms, found 0 plugins.
Preloading 0 native plugins for Editor in 0.00 ms.
Unloading 1112 Unused Serialized files (Serialized files now loaded: 0)
System memory in use before: 57.3 MB.
System memory in use after: 57.3 MB.

Unloading 5 unused Assets to reduce memory usage. Loaded Objects now: 1586.
Total: 1.781183 ms (FindLiveObjects: 0.153840 ms CreateObjectMapping: 0.039362 ms MarkObjects: 1.531192 ms  DeleteObjects: 0.055587 ms)

========================================================================
Received Prepare
Registering precompiled user dll's ...
Registered in 0.002107 seconds.
Begin MonoManager ReloadAssembly
Native extension for WindowsStandalone target not found
Refreshing native plugins compatible for Editor in 0.19 ms, found 0 plugins.
Preloading 0 native plugins for Editor in 0.00 ms.
Mono: successfully reloaded assembly
- Completed reload, in  1.041 seconds
Platform modules already initialized, skipping
Refreshing native plugins compatible for Editor in 0.29 ms, found 0 plugins.
Preloading 0 native plugins for Editor in 0.00 ms.
Unloading 1112 Unused Serialized files (Serialized files now loaded: 0)
System memory in use before: 57.3 MB.
System memory in use after: 57.3 MB.

Unloading 5 unused Assets to reduce memory usage. Loaded Objects now: 1589.
Total: 1.826854 ms (FindLiveObjects: 0.143023 ms CreateObjectMapping: 0.039962 ms MarkObjects: 1.562141 ms  DeleteObjects: 0.080826 ms)

========================================================================
Received Import Request.
  Time since last request: 2136.682643 seconds.
  path: Assets/Bullet.prefab
  artifactKey: Guid(875484578b9e703489e6dfc41c128425) Importer(815301076,1909f56bfc062723c751e8b465ee728b)
Start importing Assets/Bullet.prefab using Guid(875484578b9e703489e6dfc41c128425) Importer(815301076,1909f56bfc062723c751e8b465ee728b)  -> (artifact id: '23f3ef6395668357fa1a81e6d65b1dc5') in 0.193343 seconds
  Import took 0.195700 seconds .

========================================================================
Received Import Request.
  Time since last request: 566.398178 seconds.
  path: Assets/Scenes/Bullet.cs
  artifactKey: Guid(77787dc4f1b4f434cb714dfef5863c14) Importer(815301076,1909f56bfc062723c751e8b465ee728b)
Start importing Assets/Scenes/Bullet.cs using Guid(77787dc4f1b4f434cb714dfef5863c14) Importer(815301076,1909f56bfc062723c751e8b465ee728b)  -> (artifact id: '0dfaab2013b6ff8918b2de4982ae4add') in 0.007326 seconds
  Import took 0.010311 seconds .

========================================================================
Received Import Request.
  Time since last request: 88.166532 seconds.
  path: Assets/Scenes/Bullet.cs
  artifactKey: Guid(77787dc4f1b4f434cb714dfef5863c14) Importer(815301076,1909f56bfc062723c751e8b465ee728b)
Start importing Assets/Scenes/Bullet.cs using Guid(77787dc4f1b4f434cb714dfef5863c14) Importer(815301076,1909f56bfc062723c751e8b465ee728b)  -> (artifact id: '93523e2c9d05fb536525a535aca89ada') in 0.009365 seconds
  Import took 0.012292 seconds .

========================================================================
Received Prepare
Registering precompiled user dll's ...
Registered in 0.002136 seconds.
Begin MonoManager ReloadAssembly
Native extension for WindowsStandalone target not found
Refreshing native plugins compatible for Editor in 0.29 ms, found 0 plugins.
Preloading 0 native plugins for Editor in 0.00 ms.
Mono: successfully reloaded assembly
- Completed reload, in  0.994 seconds
Platform modules already initialized, skipping
Refreshing native plugins compatible for Editor in 0.19 ms, found 0 plugins.
Preloading 0 native plugins for Editor in 0.00 ms.
Unloading 1113 Unused Serialized files (Serialized files now loaded: 0)
System memory in use before: 60.4 MB.
System memory in use after: 60.5 MB.

Unloading 5 unused Assets to reduce memory usage. Loaded Objects now: 1601.
Total: 1.782085 ms (FindLiveObjects: 0.120488 ms CreateObjectMapping: 0.036958 ms MarkObjects: 1.549521 ms  DeleteObjects: 0.073915 ms)

========================================================================
Received Prepare
Registering precompiled user dll's ...
Registered in 0.002212 seconds.
Begin MonoManager ReloadAssembly
Native extension for WindowsStandalone target not found
Refreshing native plugins compatible for Editor in 0.19 ms, found 0 plugins.
Preloading 0 native plugins for Editor in 0.00 ms.
Mono: successfully reloaded assembly
- Completed reload, in  1.028 seconds
Platform modules already initialized, skipping
Refreshing native plugins compatible for Editor in 0.48 ms, found 0 plugins.
Preloading 0 native plugins for Editor in 0.00 ms.
Unloading 1113 Unused Serialized files (Serialized files now loaded: 0)
System memory in use before: 60.5 MB.
System memory in use after: 60.5 MB.

Unloading 5 unused Assets to reduce memory usage. Loaded Objects now: 1604.
Total: 1.879737 ms (FindLiveObjects: 0.131305 ms CreateObjectMapping: 0.030047 ms MarkObjects: 1.639362 ms  DeleteObjects: 0.078423 ms)

========================================================================
Received Prepare
Registering precompiled user dll's ...
Registered in 0.001445 seconds.
Begin MonoManager ReloadAssembly
Native extension for WindowsStandalone target not found
Refreshing native plugins compatible for Editor in 0.31 ms, found 0 plugins.
Preloading 0 native plugins for Editor in 0.00 ms.
Mono: successfully reloaded assembly
- Completed reload, in  0.987 seconds
Platform modules already initialized, skipping
Refreshing native plugins compatible for Editor in 0.29 ms, found 0 plugins.
Preloading 0 native plugins for Editor in 0.00 ms.
Unloading 1113 Unused Serialized files (Serialized files now loaded: 0)
System memory in use before: 60.5 MB.
System memory in use after: 60.5 MB.

Unloading 5 unused Assets to reduce memory usage. Loaded Objects now: 1607.
Total: 1.751437 ms (FindLiveObjects: 0.117484 ms CreateObjectMapping: 0.031249 ms MarkObjects: 1.522479 ms  DeleteObjects: 0.079324 ms)

========================================================================
Received Import Request.
  Time since last request: 2293.037894 seconds.
  path: Assets/Bullet.prefab
  artifactKey: Guid(875484578b9e703489e6dfc41c128425) Importer(815301076,1909f56bfc062723c751e8b465ee728b)
Start importing Assets/Bullet.prefab using Guid(875484578b9e703489e6dfc41c128425) Importer(815301076,1909f56bfc062723c751e8b465ee728b)  -> (artifact id: '152b609167fa02b2933f2a1c7e341812') in 0.103193 seconds
  Import took 0.105684 seconds .

========================================================================
Received Import Request.
  Time since last request: 2238.753747 seconds.
  path: Assets/Scenes/BulletSpawner.cs
  artifactKey: Guid(83ea661c006258448846098df6e53216) Importer(815301076,1909f56bfc062723c751e8b465ee728b)
Start importing Assets/Scenes/BulletSpawner.cs using Guid(83ea661c006258448846098df6e53216) Importer(815301076,1909f56bfc062723c751e8b465ee728b)  -> (artifact id: '91e96305ae2692bc63341b7d1b78fe71') in 0.014064 seconds
  Import took 0.021210 seconds .

========================================================================
Received Prepare
Registering precompiled user dll's ...
Registered in 0.001540 seconds.
Begin MonoManager ReloadAssembly
Native extension for WindowsStandalone target not found
Refreshing native plugins compatible for Editor in 0.21 ms, found 0 plugins.
Preloading 0 native plugins for Editor in 0.00 ms.
Mono: successfully reloaded assembly
- Completed reload, in  1.101 seconds
Platform modules already initialized, skipping
Refreshing native plugins compatible for Editor in 0.34 ms, found 0 plugins.
Preloading 0 native plugins for Editor in 0.00 ms.
Unloading 1114 Unused Serialized files (Serialized files now loaded: 0)
System memory in use before: 60.5 MB.
System memory in use after: 60.6 MB.

Unloading 5 unused Assets to reduce memory usage. Loaded Objects now: 1612.
Total: 2.523944 ms (FindLiveObjects: 0.124394 ms CreateObjectMapping: 0.035756 ms MarkObjects: 2.198535 ms  DeleteObjects: 0.164357 ms)

========================================================================
Received Prepare
Registering precompiled user dll's ...
Registered in 0.001831 seconds.
Begin MonoManager ReloadAssembly
Native extension for WindowsStandalone target not found
Refreshing native plugins compatible for Editor in 0.30 ms, found 0 plugins.
Preloading 0 native plugins for Editor in 0.00 ms.
Mono: successfully reloaded assembly
- Completed reload, in  1.009 seconds
Platform modules already initialized, skipping
Refreshing native plugins compatible for Editor in 0.18 ms, found 0 plugins.
Preloading 0 native plugins for Editor in 0.00 ms.
Unloading 1114 Unused Serialized files (Serialized files now loaded: 0)
System memory in use before: 60.5 MB.
System memory in use after: 60.6 MB.

Unloading 5 unused Assets to reduce memory usage. Loaded Objects now: 1615.
Total: 2.570516 ms (FindLiveObjects: 0.172469 ms CreateObjectMapping: 0.039061 ms MarkObjects: 2.195230 ms  DeleteObjects: 0.161653 ms)

========================================================================
Received Prepare
Registering precompiled user dll's ...
Registered in 0.002442 seconds.
Begin MonoManager ReloadAssembly
Native extension for WindowsStandalone target not found
Refreshing native plugins compatible for Editor in 0.19 ms, found 0 plugins.
Preloading 0 native plugins for Editor in 0.00 ms.
Mono: successfully reloaded assembly
- Completed reload, in  1.081 seconds
Platform modules already initialized, skipping
Refreshing native plugins compatible for Editor in 0.26 ms, found 0 plugins.
Preloading 0 native plugins for Editor in 0.00 ms.
Unloading 1114 Unused Serialized files (Serialized files now loaded: 0)
System memory in use before: 60.5 MB.
System memory in use after: 60.6 MB.

Unloading 5 unused Assets to reduce memory usage. Loaded Objects now: 1618.
Total: 1.706066 ms (FindLiveObjects: 0.210930 ms CreateObjectMapping: 0.039962 ms MarkObjects: 1.376751 ms  DeleteObjects: 0.077521 ms)

========================================================================
Received Import Request.
  Time since last request: 303.684111 seconds.
  path: Assets/Scenes/BulletSpawner.cs
  artifactKey: Guid(83ea661c006258448846098df6e53216) Importer(815301076,1909f56bfc062723c751e8b465ee728b)
Start importing Assets/Scenes/BulletSpawner.cs using Guid(83ea661c006258448846098df6e53216) Importer(815301076,1909f56bfc062723c751e8b465ee728b)  -> (artifact id: 'c6d667db69a6f14a40a97388994759d8') in 0.009111 seconds
  Import took 0.011475 seconds .

========================================================================
Received Prepare
Registering precompiled user dll's ...
Registered in 0.001808 seconds.
Begin MonoManager ReloadAssembly
Native extension for WindowsStandalone target not found
Refreshing native plugins compatible for Editor in 0.20 ms, found 0 plugins.
Preloading 0 native plugins for Editor in 0.00 ms.
Mono: successfully reloaded assembly
- Completed reload, in  0.986 seconds
Platform modules already initialized, skipping
Refreshing native plugins compatible for Editor in 0.22 ms, found 0 plugins.
Preloading 0 native plugins for Editor in 0.00 ms.
Unloading 1114 Unused Serialized files (Serialized files now loaded: 0)
System memory in use before: 60.5 MB.
System memory in use after: 60.6 MB.

Unloading 5 unused Assets to reduce memory usage. Loaded Objects now: 1621.
Total: 1.897465 ms (FindLiveObjects: 0.144826 ms CreateObjectMapping: 0.037559 ms MarkObjects: 1.651080 ms  DeleteObjects: 0.063700 ms)

========================================================================
Received Prepare
Registering precompiled user dll's ...
Registered in 0.002076 seconds.
Begin MonoManager ReloadAssembly
Native extension for WindowsStandalone target not found
Refreshing native plugins compatible for Editor in 0.23 ms, found 0 plugins.
Preloading 0 native plugins for Editor in 0.00 ms.
Mono: successfully reloaded assembly
- Completed reload, in  1.064 seconds
Platform modules already initialized, skipping
Refreshing native plugins compatible for Editor in 0.19 ms, found 0 plugins.
Preloading 0 native plugins for Editor in 0.00 ms.
Unloading 1114 Unused Serialized files (Serialized files now loaded: 0)
System memory in use before: 60.5 MB.
System memory in use after: 60.6 MB.

Unloading 5 unused Assets to reduce memory usage. Loaded Objects now: 1624.
Total: 1.878836 ms (FindLiveObjects: 0.120488 ms CreateObjectMapping: 0.032751 ms MarkObjects: 1.642066 ms  DeleteObjects: 0.082629 ms)

========================================================================
Received Prepare
Registering precompiled user dll's ...
Registered in 0.001880 seconds.
Begin MonoManager ReloadAssembly
Native extension for WindowsStandalone target not found
Refreshing native plugins compatible for Editor in 0.20 ms, found 0 plugins.
Preloading 0 native plugins for Editor in 0.00 ms.
Mono: successfully reloaded assembly
- Completed reload, in  1.021 seconds
Platform modules already initialized, skipping
Refreshing native plugins compatible for Editor in 0.28 ms, found 0 plugins.
Preloading 0 native plugins for Editor in 0.00 ms.
Unloading 1114 Unused Serialized files (Serialized files now loaded: 0)
System memory in use before: 60.5 MB.
System memory in use after: 60.6 MB.

Unloading 5 unused Assets to reduce memory usage. Loaded Objects now: 1627.
Total: 1.682629 ms (FindLiveObjects: 0.132507 ms CreateObjectMapping: 0.031249 ms MarkObjects: 1.439549 ms  DeleteObjects: 0.078423 ms)

========================================================================
Received Prepare
Registering precompiled user dll's ...
Registered in 0.001412 seconds.
Begin MonoManager ReloadAssembly
Native extension for WindowsStandalone target not found
Refreshing native plugins compatible for Editor in 0.34 ms, found 0 plugins.
Preloading 0 native plugins for Editor in 0.00 ms.
Mono: successfully reloaded assembly
- Completed reload, in  1.011 seconds
Platform modules already initialized, skipping
Refreshing native plugins compatible for Editor in 0.19 ms, found 0 plugins.
Preloading 0 native plugins for Editor in 0.00 ms.
Unloading 1114 Unused Serialized files (Serialized files now loaded: 0)
System memory in use before: 60.5 MB.
System memory in use after: 60.6 MB.

Unloading 5 unused Assets to reduce memory usage. Loaded Objects now: 1630.
Total: 1.618028 ms (FindLiveObjects: 0.123493 ms CreateObjectMapping: 0.032150 ms MarkObjects: 1.389671 ms  DeleteObjects: 0.071812 ms)

========================================================================
Received Import Request.
  Time since last request: 1207.767488 seconds.
  path: Assets/BulletSpawner.prefab
  artifactKey: Guid(ec31e2b7e5941774aa71f35d4618c450) Importer(815301076,1909f56bfc062723c751e8b465ee728b)
Start importing Assets/BulletSpawner.prefab using Guid(ec31e2b7e5941774aa71f35d4618c450) Importer(815301076,1909f56bfc062723c751e8b465ee728b)  -> (artifact id: 'd33ddad0a4097c5793ed969bdf1f965f') in 0.081443 seconds
  Import took 0.084295 seconds .

========================================================================
Received Import Request.
  Time since last request: 0.001794 seconds.
  path: Assets/BulletSpawner.prefab
  artifactKey: Guid(ec31e2b7e5941774aa71f35d4618c450) Importer(815301076,1909f56bfc062723c751e8b465ee728b)
Start importing Assets/BulletSpawner.prefab using Guid(ec31e2b7e5941774aa71f35d4618c450) Importer(815301076,1909f56bfc062723c751e8b465ee728b)  -> (artifact id: 'd33ddad0a4097c5793ed969bdf1f965f') in 0.015455 seconds
  Import took 0.018175 seconds .

========================================================================
Received Prepare
Registering precompiled user dll's ...
Registered in 0.002264 seconds.
Begin MonoManager ReloadAssembly
Native extension for WindowsStandalone target not found
Refreshing native plugins compatible for Editor in 0.25 ms, found 0 plugins.
Preloading 0 native plugins for Editor in 0.00 ms.
Mono: successfully reloaded assembly
- Completed reload, in  1.017 seconds
Platform modules already initialized, skipping
Refreshing native plugins compatible for Editor in 0.20 ms, found 0 plugins.
Preloading 0 native plugins for Editor in 0.00 ms.
Unloading 1114 Unused Serialized files (Serialized files now loaded: 0)
System memory in use before: 60.5 MB.
System memory in use after: 60.6 MB.

Unloading 5 unused Assets to reduce memory usage. Loaded Objects now: 1635.
Total: 1.780282 ms (FindLiveObjects: 0.131305 ms CreateObjectMapping: 0.032751 ms MarkObjects: 1.540207 ms  DeleteObjects: 0.075418 ms)

========================================================================
Received Import Request.
  Time since last request: 65.755097 seconds.
  path: Assets/Bullet.prefab
  artifactKey: Guid(875484578b9e703489e6dfc41c128425) Importer(815301076,1909f56bfc062723c751e8b465ee728b)
Start importing Assets/Bullet.prefab using Guid(875484578b9e703489e6dfc41c128425) Importer(815301076,1909f56bfc062723c751e8b465ee728b)  -> (artifact id: 'd4642b85df843bea96bdf63a50597e0f') in 0.079037 seconds
  Import took 0.081075 seconds .

========================================================================
Received Import Request.
  Time since last request: 0.039340 seconds.
  path: Assets/Bullet.prefab
  artifactKey: Guid(875484578b9e703489e6dfc41c128425) Importer(815301076,1909f56bfc062723c751e8b465ee728b)
Start importing Assets/Bullet.prefab using Guid(875484578b9e703489e6dfc41c128425) Importer(815301076,1909f56bfc062723c751e8b465ee728b)  -> (artifact id: '293db4549230e289468b4796602e5614') in 0.018037 seconds
  Import took 0.020437 seconds .

========================================================================
Received Import Request.
  Time since last request: 2.381691 seconds.
  path: Assets/Bullet.prefab
  artifactKey: Guid(875484578b9e703489e6dfc41c128425) Importer(815301076,1909f56bfc062723c751e8b465ee728b)
Start importing Assets/Bullet.prefab using Guid(875484578b9e703489e6dfc41c128425) Importer(815301076,1909f56bfc062723c751e8b465ee728b)  -> (artifact id: '609461138f7ab8da58bac2ff8e30c3b9') in 0.018792 seconds
  Import took 0.021585 seconds .

========================================================================
Received Prepare
Registering precompiled user dll's ...
Registered in 0.001440 seconds.
Begin MonoManager ReloadAssembly
Native extension for WindowsStandalone target not found
Refreshing native plugins compatible for Editor in 0.31 ms, found 0 plugins.
Preloading 0 native plugins for Editor in 0.00 ms.
Mono: successfully reloaded assembly
- Completed reload, in  1.023 seconds
Platform modules already initialized, skipping
Refreshing native plugins compatible for Editor in 0.31 ms, found 0 plugins.
Preloading 0 native plugins for Editor in 0.00 ms.
Unloading 1114 Unused Serialized files (Serialized files now loaded: 0)
System memory in use before: 60.6 MB.
System memory in use after: 60.6 MB.

Unloading 5 unused Assets to reduce memory usage. Loaded Objects now: 1639.
Total: 2.136338 ms (FindLiveObjects: 0.158648 ms CreateObjectMapping: 0.043869 ms MarkObjects: 1.876131 ms  DeleteObjects: 0.056488 ms)

AssetImportWorkerClient::OnTransportError - code=2 error=End of file
