Using pre-set license
Built from '2020.3/staging' branch; Version is '2020.3.8f1 (507919d4fff5) revision 5273881'; Using compiler version '192528614'; Build Type 'Release'
OS: 'Windows 10 Pro; OS build 19041.985; Version 2004; 64bit' Language: 'ko' Physical Memory: 8128 MB
BatchMode: 1, IsHumanControllingUs: 0, StartBugReporterOnCrash: 0, Is64bit: 1, IsPro: 0

 COMMAND LINE ARGUMENTS:
C:\Program Files\Unity\Editor\Unity.exe
-adb2
-batchMode
-noUpm
-name
AssetImportWorker0
-projectPath
C:/Users/USER/Documents/GitHub/cosmos_dodge/DodgePlayer
-logFile
Logs/AssetImportWorker0.log
-srvPort
54527
Successfully changed project path to: C:/Users/USER/Documents/GitHub/cosmos_dodge/DodgePlayer
C:/Users/USER/Documents/GitHub/cosmos_dodge/DodgePlayer
Using Asset Import Pipeline V2.
Refreshing native plugins compatible for Editor in 31.46 ms, found 0 plugins.
Preloading 0 native plugins for Editor in 0.00 ms.
Initialize engine version: 2020.3.8f1 (507919d4fff5)
[Subsystems] Discovering subsystems at path C:/Program Files/Unity/Editor/Data/Resources/UnitySubsystems
[Subsystems] Discovering subsystems at path C:/Users/USER/Documents/GitHub/cosmos_dodge/DodgePlayer/Assets
GfxDevice: creating device client; threaded=0
Direct3D:
    Version:  Direct3D 11.0 [level 11.1]
    Renderer: NVIDIA GeForce GTX 1050 (ID=0x1c81)
    Vendor:   
    VRAM:     1987 MB
    Driver:   23.21.13.8816
Initialize mono
Mono path[0] = 'C:/Program Files/Unity/Editor/Data/Managed'
Mono path[1] = 'C:/Program Files/Unity/Editor/Data/MonoBleedingEdge/lib/mono/unityjit'
Mono config path = 'C:/Program Files/Unity/Editor/Data/MonoBleedingEdge/etc'
Using monoOptions --debugger-agent=transport=dt_socket,embedding=1,server=y,suspend=n,address=127.0.0.1:56288
Begin MonoManager ReloadAssembly
Registering precompiled unity dll's ...
Register platform support module: C:/Program Files/Unity/Editor/Data/PlaybackEngines/WindowsStandaloneSupport/UnityEditor.WindowsStandalone.Extensions.dll
Registered in 0.009401 seconds.
Native extension for WindowsStandalone target not found
Refreshing native plugins compatible for Editor in 32.68 ms, found 0 plugins.
Preloading 0 native plugins for Editor in 0.00 ms.
Mono: successfully reloaded assembly
- Completed reload, in  2.199 seconds
Platform modules already initialized, skipping
Registering precompiled user dll's ...
Registered in 0.002446 seconds.
Begin MonoManager ReloadAssembly
Native extension for WindowsStandalone target not found
Refreshing native plugins compatible for Editor in 0.21 ms, found 0 plugins.
Preloading 0 native plugins for Editor in 0.00 ms.
Mono: successfully reloaded assembly
- Completed reload, in  1.668 seconds
Platform modules already initialized, skipping
========================================================================
Worker process is ready to serve import requests
Launched and connected shader compiler UnityShaderCompiler.exe after 0.11 seconds
Refreshing native plugins compatible for Editor in 0.47 ms, found 0 plugins.
Preloading 0 native plugins for Editor in 0.00 ms.
Unloading 1121 Unused Serialized files (Serialized files now loaded: 0)
System memory in use before: 57.3 MB.
System memory in use after: 57.4 MB.

Unloading 10 unused Assets to reduce memory usage. Loaded Objects now: 1564.
Total: 5.225100 ms (FindLiveObjects: 1.926600 ms CreateObjectMapping: 0.177600 ms MarkObjects: 3.006700 ms  DeleteObjects: 0.112700 ms)

========================================================================
Received Import Request.
  path: Assets/Scripts/PlayerController.cs
  artifactKey: Guid(8bb246ce46ef1d84da1578f5a4783cd5) Importer(815301076,1909f56bfc062723c751e8b465ee728b)
Start importing Assets/Scripts/PlayerController.cs using Guid(8bb246ce46ef1d84da1578f5a4783cd5) Importer(815301076,1909f56bfc062723c751e8b465ee728b)  -> (artifact id: '0ea999ea4b50a4846fab6416a84ab1b2') in 0.086758 seconds
  Import took 0.090004 seconds .

========================================================================
Received Import Request.
  Time since last request: 89.292143 seconds.
  path: Assets/Scripts/PlayerController.cs
  artifactKey: Guid(8bb246ce46ef1d84da1578f5a4783cd5) Importer(815301076,1909f56bfc062723c751e8b465ee728b)
Start importing Assets/Scripts/PlayerController.cs using Guid(8bb246ce46ef1d84da1578f5a4783cd5) Importer(815301076,1909f56bfc062723c751e8b465ee728b)  -> (artifact id: '9ffbbcba4902b1b134d6617d64fe80aa') in 0.013494 seconds
  Import took 0.017933 seconds .

========================================================================
Received Import Request.
  Time since last request: 0.000741 seconds.
  path: Assets/Scripts/PlayerController.cs
  artifactKey: Guid(8bb246ce46ef1d84da1578f5a4783cd5) Importer(815301076,1909f56bfc062723c751e8b465ee728b)
Start importing Assets/Scripts/PlayerController.cs using Guid(8bb246ce46ef1d84da1578f5a4783cd5) Importer(815301076,1909f56bfc062723c751e8b465ee728b)  -> (artifact id: '9ffbbcba4902b1b134d6617d64fe80aa') in 0.007594 seconds
  Import took 0.011241 seconds .

========================================================================
Received Import Request.
  Time since last request: 29.902364 seconds.
  path: Assets/Scripts/PlayerController.cs
  artifactKey: Guid(8bb246ce46ef1d84da1578f5a4783cd5) Importer(815301076,1909f56bfc062723c751e8b465ee728b)
Start importing Assets/Scripts/PlayerController.cs using Guid(8bb246ce46ef1d84da1578f5a4783cd5) Importer(815301076,1909f56bfc062723c751e8b465ee728b)  -> (artifact id: '4242530b88f2eb5bfa5607f87e9f02ea') in 0.039928 seconds
  Import took 0.050263 seconds .

========================================================================
Received Import Request.
  Time since last request: 475.500480 seconds.
  path: Assets/Scripts/PlayerController.cs
  artifactKey: Guid(8bb246ce46ef1d84da1578f5a4783cd5) Importer(815301076,1909f56bfc062723c751e8b465ee728b)
Start importing Assets/Scripts/PlayerController.cs using Guid(8bb246ce46ef1d84da1578f5a4783cd5) Importer(815301076,1909f56bfc062723c751e8b465ee728b)  -> (artifact id: '86c3a5cd8e2aa72d0a3c4a977df483bf') in 0.031802 seconds
  Import took 0.068587 seconds .

========================================================================
Received Prepare
Registering precompiled user dll's ...
Registered in 0.002220 seconds.
Begin MonoManager ReloadAssembly
Native extension for WindowsStandalone target not found
Refreshing native plugins compatible for Editor in 0.19 ms, found 0 plugins.
Preloading 0 native plugins for Editor in 0.00 ms.
Mono: successfully reloaded assembly
- Completed reload, in  1.353 seconds
Platform modules already initialized, skipping
Refreshing native plugins compatible for Editor in 0.20 ms, found 0 plugins.
Preloading 0 native plugins for Editor in 0.00 ms.
Unloading 1116 Unused Serialized files (Serialized files now loaded: 0)
System memory in use before: 57.3 MB.
System memory in use after: 57.4 MB.

Unloading 5 unused Assets to reduce memory usage. Loaded Objects now: 1567.
Total: 1.834600 ms (FindLiveObjects: 0.201400 ms CreateObjectMapping: 0.059000 ms MarkObjects: 1.491800 ms  DeleteObjects: 0.081100 ms)

========================================================================
Received Prepare
Registering precompiled user dll's ...
Registered in 0.002058 seconds.
Begin MonoManager ReloadAssembly
Native extension for WindowsStandalone target not found
Refreshing native plugins compatible for Editor in 0.20 ms, found 0 plugins.
Preloading 0 native plugins for Editor in 0.00 ms.
Mono: successfully reloaded assembly
- Completed reload, in  1.152 seconds
Platform modules already initialized, skipping
Refreshing native plugins compatible for Editor in 0.20 ms, found 0 plugins.
Preloading 0 native plugins for Editor in 0.00 ms.
Unloading 1116 Unused Serialized files (Serialized files now loaded: 0)
System memory in use before: 57.3 MB.
System memory in use after: 57.4 MB.

Unloading 5 unused Assets to reduce memory usage. Loaded Objects now: 1570.
Total: 1.567800 ms (FindLiveObjects: 0.114700 ms CreateObjectMapping: 0.034500 ms MarkObjects: 1.269100 ms  DeleteObjects: 0.148300 ms)

========================================================================
Received Prepare
Registering precompiled user dll's ...
Registered in 0.003432 seconds.
Begin MonoManager ReloadAssembly
Native extension for WindowsStandalone target not found
Refreshing native plugins compatible for Editor in 0.23 ms, found 0 plugins.
Preloading 0 native plugins for Editor in 0.00 ms.
Mono: successfully reloaded assembly
- Completed reload, in  1.249 seconds
Platform modules already initialized, skipping
Refreshing native plugins compatible for Editor in 0.40 ms, found 0 plugins.
Preloading 0 native plugins for Editor in 0.00 ms.
Unloading 1116 Unused Serialized files (Serialized files now loaded: 0)
System memory in use before: 57.3 MB.
System memory in use after: 57.4 MB.

Unloading 5 unused Assets to reduce memory usage. Loaded Objects now: 1573.
Total: 2.722000 ms (FindLiveObjects: 0.243500 ms CreateObjectMapping: 0.057200 ms MarkObjects: 2.311300 ms  DeleteObjects: 0.108400 ms)

========================================================================
Received Import Request.
  Time since last request: 347.681205 seconds.
  path: Assets/Resources
  artifactKey: Guid(71bf7bc5aa97ad843910878998bc1b0a) Importer(815301076,1909f56bfc062723c751e8b465ee728b)
Start importing Assets/Resources using Guid(71bf7bc5aa97ad843910878998bc1b0a) Importer(815301076,1909f56bfc062723c751e8b465ee728b)  -> (artifact id: '4e2707d703f046cc484ef9050dd9495a') in 0.159701 seconds
  Import took 0.198171 seconds .

========================================================================
Received Import Request.
  Time since last request: 9.499431 seconds.
  path: Assets/Resources/HPBar.png
  artifactKey: Guid(a5cb12360cd64164ba8ca7189b9cf88e) Importer(815301076,1909f56bfc062723c751e8b465ee728b)
Start importing Assets/Resources/HPBar.png using Guid(a5cb12360cd64164ba8ca7189b9cf88e) Importer(815301076,1909f56bfc062723c751e8b465ee728b)  -> (artifact id: '48587608f18f8a7909d03b7158c5ce4f') in 0.076997 seconds
  Import took 0.079370 seconds .

========================================================================
Received Import Request.
  Time since last request: 23.886467 seconds.
  path: Assets/Resources/HPBar.png
  artifactKey: Guid(a5cb12360cd64164ba8ca7189b9cf88e) Importer(815301076,1909f56bfc062723c751e8b465ee728b)
Start importing Assets/Resources/HPBar.png using Guid(a5cb12360cd64164ba8ca7189b9cf88e) Importer(815301076,1909f56bfc062723c751e8b465ee728b)  -> (artifact id: '7b4e274ea6ece4f8d646935f22e7688b') in 0.238011 seconds
  Import took 0.259478 seconds .

========================================================================
Received Import Request.
  Time since last request: 18.389518 seconds.
  path: Assets/Resources/HPBarEmpty.png
  artifactKey: Guid(2ab6c245115c01749b832a242ce4b05f) Importer(815301076,1909f56bfc062723c751e8b465ee728b)
Start importing Assets/Resources/HPBarEmpty.png using Guid(2ab6c245115c01749b832a242ce4b05f) Importer(815301076,1909f56bfc062723c751e8b465ee728b)  -> (artifact id: 'fc62e1d13ed088469cb22af999c9a0db') in 0.098524 seconds
  Import took 0.196900 seconds .

========================================================================
Received Import Request.
  Time since last request: 5.785403 seconds.
  path: Assets/Resources/HPBarEmpty.png
  artifactKey: Guid(2ab6c245115c01749b832a242ce4b05f) Importer(815301076,1909f56bfc062723c751e8b465ee728b)
Start importing Assets/Resources/HPBarEmpty.png using Guid(2ab6c245115c01749b832a242ce4b05f) Importer(815301076,1909f56bfc062723c751e8b465ee728b)  -> (artifact id: 'a336b317fd8a7640ef50bb746523eedd') in 0.023152 seconds
  Import took 0.026429 seconds .

========================================================================
Received Import Request.
  Time since last request: 0.009278 seconds.
  path: Assets/Resources/HPBarEmpty.png
  artifactKey: Guid(2ab6c245115c01749b832a242ce4b05f) Importer(815301076,1909f56bfc062723c751e8b465ee728b)
Start importing Assets/Resources/HPBarEmpty.png using Guid(2ab6c245115c01749b832a242ce4b05f) Importer(815301076,1909f56bfc062723c751e8b465ee728b)  -> (artifact id: 'a336b317fd8a7640ef50bb746523eedd') in 0.025425 seconds
  Import took 0.029394 seconds .

========================================================================
Received Import Request.
  Time since last request: 203.882500 seconds.
  path: Assets/Scripts/HPBar.cs
  artifactKey: Guid(4b22ff3f7c424ca408ec1746add2ae04) Importer(815301076,1909f56bfc062723c751e8b465ee728b)
Start importing Assets/Scripts/HPBar.cs using Guid(4b22ff3f7c424ca408ec1746add2ae04) Importer(815301076,1909f56bfc062723c751e8b465ee728b)  -> (artifact id: 'fc26b91c83d55c333202a4807539b6a5') in 0.007301 seconds
  Import took 0.010507 seconds .

========================================================================
Received Prepare
Registering precompiled user dll's ...
Registered in 0.002811 seconds.
Begin MonoManager ReloadAssembly
Native extension for WindowsStandalone target not found
Refreshing native plugins compatible for Editor in 0.19 ms, found 0 plugins.
Preloading 0 native plugins for Editor in 0.00 ms.
Mono: successfully reloaded assembly
- Completed reload, in  1.354 seconds
Platform modules already initialized, skipping
Refreshing native plugins compatible for Editor in 0.21 ms, found 0 plugins.
Preloading 0 native plugins for Editor in 0.00 ms.
Unloading 1117 Unused Serialized files (Serialized files now loaded: 0)
System memory in use before: 60.4 MB.
System memory in use after: 60.5 MB.

Unloading 5 unused Assets to reduce memory usage. Loaded Objects now: 1584.
Total: 1.471800 ms (FindLiveObjects: 0.133500 ms CreateObjectMapping: 0.036900 ms MarkObjects: 1.255900 ms  DeleteObjects: 0.044700 ms)

========================================================================
Received Prepare
Registering precompiled user dll's ...
Registered in 0.002617 seconds.
Begin MonoManager ReloadAssembly
Native extension for WindowsStandalone target not found
Refreshing native plugins compatible for Editor in 0.45 ms, found 0 plugins.
Preloading 0 native plugins for Editor in 0.00 ms.
Mono: successfully reloaded assembly
- Completed reload, in  1.290 seconds
Platform modules already initialized, skipping
Refreshing native plugins compatible for Editor in 0.19 ms, found 0 plugins.
Preloading 0 native plugins for Editor in 0.00 ms.
Unloading 1117 Unused Serialized files (Serialized files now loaded: 0)
System memory in use before: 60.4 MB.
System memory in use after: 60.5 MB.

Unloading 5 unused Assets to reduce memory usage. Loaded Objects now: 1587.
Total: 1.890100 ms (FindLiveObjects: 0.122900 ms CreateObjectMapping: 0.032700 ms MarkObjects: 1.597900 ms  DeleteObjects: 0.136000 ms)

========================================================================
Received Prepare
Registering precompiled user dll's ...
Registered in 0.003674 seconds.
Begin MonoManager ReloadAssembly
Native extension for WindowsStandalone target not found
Refreshing native plugins compatible for Editor in 0.20 ms, found 0 plugins.
Preloading 0 native plugins for Editor in 0.00 ms.
Mono: successfully reloaded assembly
- Completed reload, in  1.285 seconds
Platform modules already initialized, skipping
Refreshing native plugins compatible for Editor in 0.19 ms, found 0 plugins.
Preloading 0 native plugins for Editor in 0.00 ms.
Unloading 1117 Unused Serialized files (Serialized files now loaded: 0)
System memory in use before: 60.4 MB.
System memory in use after: 60.5 MB.

Unloading 5 unused Assets to reduce memory usage. Loaded Objects now: 1590.
Total: 1.887800 ms (FindLiveObjects: 0.125500 ms CreateObjectMapping: 0.030000 ms MarkObjects: 1.638200 ms  DeleteObjects: 0.093400 ms)

========================================================================
Received Prepare
Registering precompiled user dll's ...
Registered in 0.002402 seconds.
Begin MonoManager ReloadAssembly
Native extension for WindowsStandalone target not found
Refreshing native plugins compatible for Editor in 0.30 ms, found 0 plugins.
Preloading 0 native plugins for Editor in 0.00 ms.
Mono: successfully reloaded assembly
- Completed reload, in  1.038 seconds
Platform modules already initialized, skipping
Refreshing native plugins compatible for Editor in 0.19 ms, found 0 plugins.
Preloading 0 native plugins for Editor in 0.00 ms.
Unloading 1117 Unused Serialized files (Serialized files now loaded: 0)
System memory in use before: 60.4 MB.
System memory in use after: 60.5 MB.

Unloading 5 unused Assets to reduce memory usage. Loaded Objects now: 1593.
Total: 2.074300 ms (FindLiveObjects: 0.250100 ms CreateObjectMapping: 0.080100 ms MarkObjects: 1.641300 ms  DeleteObjects: 0.101700 ms)

AssetImportWorkerClient::OnTransportError - code=2 error=End of file
